"../../../Engine/Content/EditorResources/S_Actor.uasset" 0
"../../../Engine/Content/EditorResources/S_LevelSequence.uasset" 1
"../../../Engine/Content/EngineFonts/Roboto.uasset" 2
"../../../Engine/Content/Functions/Engine_MaterialFunctions01/Shading/PowerToRoughness.uasset" 3
"../../../Engine/Content/EngineMaterials/DefaultDiffuse.uasset" 4
"../../../Engine/Content/EngineMaterials/DefaultDeferredDecalMaterial.uasset" 5
"../../../Engine/Content/EngineMaterials/DefaultLightFunctionMaterial.uasset" 6
"../../../Engine/Content/Functions/Engine_MaterialFunctions02/Utility/BreakOutFloat2Components.uasset" 7
"../../../Engine/Content/EngineMaterials/DefaultPostProcessMaterial.uasset" 8
"../../../Engine/Content/EngineResources/DefaultTexture.uasset" 9
"../../../Engine/Content/Functions/Engine_MaterialFunctions01/Texturing/ScaleUVsByCenter.uasset" 10
"../../../Engine/Content/Functions/Engine_MaterialFunctions02/ScreenResolution.uasset" 11
"../../../Engine/Content/Functions/Engine_MaterialFunctions02/Texturing/ScreenAlignedUVs.uasset" 12
"../../../Engine/Content/EngineResources/WhiteSquareTexture.uasset" 13
"../../../Engine/Content/EngineMaterials/Widget3DPassThrough.uasset" 14
"../../../Engine/Content/EngineMaterials/Widget3DPassThrough_Translucent.uasset" 15
"../../../Engine/Content/EngineMaterials/Widget3DPassThrough_Translucent_OneSided.uasset" 16
"../../../Engine/Content/EngineMaterials/Widget3DPassThrough_Opaque.uasset" 17
"../../../Engine/Content/EngineMaterials/Widget3DPassThrough_Opaque_OneSided.uasset" 18
"../../../Engine/Content/EngineMaterials/Widget3DPassThrough_Masked.uasset" 19
"../../../Engine/Content/EngineMaterials/Widget3DPassThrough_Masked_OneSided.uasset" 20
"../../../Engine/Content/EngineResources/AICON-Red.uasset" 21
"../../../Engine/Content/EngineResources/AICON-Green.uasset" 22
"../../../Engine/Content/EditorResources/S_Emitter.uasset" 23
"../../../Engine/Content/EditorResources/Bad.uasset" 24
"../../../Engine/Content/EditorMeshes/EditorCube.uasset" 25
"../../../Engine/Content/EditorMeshes/EditorSphere.uasset" 26
"../../../Engine/Content/EditorMeshes/EditorPlane.uasset" 27
"../../../Engine/Content/EditorMeshes/EditorCylinder.uasset" 28
"../../../Engine/Content/Maps/Templates/Thumbnails/Default.uasset" 29
"../../../Engine/Content/Maps/Templates/Thumbnails/VR-Basic.uasset" 30
"../../../Engine/Content/EditorMaterials/Thumbnails/SkySphereMaterial.uasset" 31
"../../../Engine/Content/EditorMeshes/EditorSkySphere.uasset" 32
"../../../Engine/Content/EngineMaterials/Grid.uasset" 33
"../../../Engine/Content/EditorMaterials/Thumbnails/FloorPlaneMaterial.uasset" 34
"../../../Engine/Content/EditorMaterials/ParticleSystems/PSysThumbnail_NoImage.uasset" 35
"../../../Engine/Content/EditorMaterials/ParticleSystems/PSysThumbnail_OOD.uasset" 36
"../../../Engine/Content/EditorResources/S_DecalActorIcon.uasset" 37
"../../../Engine/Content/EditorLandscapeResources/LandscapeGizmo_Mat.uasset" 38
"../../../Engine/Content/EditorLandscapeResources/LandscapeGizmo_Mat_Copied.uasset" 39
"../../../Engine/Content/EditorLandscapeResources/LandscapeGizmoHeight_Mat.uasset" 40
"../../../Engine/Content/EditorLandscapeResources/DataLayer.uasset" 41
"../../../Engine/Content/EditorResources/S_Terrain.uasset" 42
"../../../Engine/Content/EditorLandscapeResources/SplineEditorMeshMat.uasset" 43
"../../../Engine/Content/EditorLandscapeResources/SplineEditorMesh.uasset" 44
"../../../Engine/Content/EditorResources/MatineeCam_D.uasset" 45
"../../../Engine/Content/EditorMaterials/MatineeCam_mat.uasset" 46
"../../../Engine/Content/EditorMeshes/MatineeCam_SM.uasset" 47
"../../../Engine/Content/Functions/Engine_MaterialFunctions02/Utility/Sign.uasset" 48
"../../../Engine/Content/Functions/Engine_MaterialFunctions02/Utility/Round.uasset" 49
"../../../Engine/Content/Functions/Engine_MaterialFunctions02/ExampleContent/Textures/flipbook.uasset" 50
"../../../Engine/Content/Functions/Engine_MaterialFunctions02/Texturing/FlipBook.uasset" 51
"../../../Engine/Content/EditorResources/T_EditorHelp.uasset" 52
"../../../Engine/Content/EditorMaterials/HelpActorMaterial.uasset" 53
"../../../Engine/Content/EditorResources/S_ExpoHeightFog.uasset" 54
"../../../Engine/Content/EditorResources/S_NavP.uasset" 55
"../../../Engine/Content/EditorResources/S_Player.uasset" 56
"../../../Engine/Content/EditorResources/LightIcons/SkyLight.uasset" 57
"../../../Engine/Content/EditorResources/S_WindDirectional.uasset" 58
"../../../Engine/Content/EngineDamageTypes/DmgTypeBP_Environmental.uasset" 59
"../../../Engine/Content/EditorResources/LightIcons/S_LightDirectional.uasset" 60
"../../../Engine/Content/EditorResources/LightIcons/S_LightDirectionalMove.uasset" 61
"../../../Engine/Content/EditorResources/LightIcons/S_LightPoint.uasset" 62
"../../../Engine/Content/EditorResources/LightIcons/S_LightPointMove.uasset" 63
"../../../Engine/Content/EditorResources/LightIcons/S_LightSpot.uasset" 64
"../../../Engine/Content/EditorResources/LightIcons/S_LightSpotMove.uasset" 65
"../../../Engine/Content/EditorResources/S_PortalActorIcon2.uasset" 66
"../../../Engine/Content/EditorResources/MatInstActSprite.uasset" 67
"../../../Engine/Content/EditorResources/SceneManager.uasset" 68
"../../../Engine/Content/EditorResources/AI/S_NavLink.uasset" 69
"../../../Engine/Content/EditorResources/S_Note.uasset" 70
"../../../Engine/Content/EngineMeshes/Sphere.uasset" 71
"../../../Engine/Content/EditorResources/S_ReflActorIcon.uasset" 72
"../../../Engine/Content/EditorResources/S_Thruster.uasset" 73
"../../../Engine/Content/EditorResources/S_RadForce.uasset" 74
"../../../Engine/Content/EditorMaterials/TargetIcon.uasset" 75
"../../../Engine/Content/EngineFonts/RobotoDistanceField.uasset" 76
"../../../Engine/Content/EngineMaterials/DefaultTextMaterialOpaque.uasset" 77
"../../../Engine/Content/EditorResources/S_TextRenderActorIcon.uasset" 78
"../../../Engine/Content/EditorResources/S_Trigger.uasset" 79
"../../../Engine/Content/EditorResources/S_VectorFieldVol.uasset" 80
"../../../Engine/Content/EngineResources/GradientTexture0.uasset" 81
"../../../Engine/Content/EngineResources/Black.uasset" 82
"../../../Engine/Content/EditorMaterials/MatineeGroups/MAT_Groups_Float.uasset" 83
"../../../Engine/Content/EditorMaterials/MatineeGroups/MAT_Groups_Director.uasset" 84
"../../../Engine/Content/EditorMaterials/MatineeGroups/MAT_Groups_Event.uasset" 85
"../../../Engine/Content/EditorMaterials/MatineeGroups/MAT_Groups_Anim.uasset" 86
"../../../Engine/Content/EditorMaterials/MatineeGroups/MAT_Groups_Fade.uasset" 87
"../../../Engine/Content/EditorMaterials/MatineeGroups/MAT_Groups_Move.uasset" 88
"../../../Engine/Content/EditorMaterials/MatineeGroups/MAT_Groups_Slomo.uasset" 89
"../../../Engine/Content/EditorMaterials/MatineeGroups/MAT_ColorTrack.uasset" 90
"../../../Engine/Content/EditorMaterials/MAT_Groups_Toggle.uasset" 91
"../../../Engine/Content/EditorMaterials/MatineeGroups/MAT_Groups_AudioMaster.uasset" 92
"../../../Engine/Content/EditorMaterials/MatineeGroups/MAT_Groups_Sound.uasset" 93
"../../../Engine/Content/EditorMaterials/MatineeGroups/MAT_Groups_Vector.uasset" 94
"../../../Engine/Content/EditorMaterials/MAT_Groups_Visibility.uasset" 95
"../../../Engine/Content/EngineResources/DefaultTextureCube.uasset" 96
"../../../Engine/Content/Functions/Engine_MaterialFunctions01/Opacity/CameraDepthFade.uasset" 97
"../../../Engine/Content/EngineMaterials/T_Default_Material_Grid_M.uasset" 98
"../../../Engine/Content/EngineMaterials/T_Default_Material_Grid_N.uasset" 99
"../../../Engine/Content/EngineMaterials/DefaultMaterial.uasset" 100
"../../../Engine/Content/EngineMeshes/Cylinder.uasset" 101
"../../../Engine/Content/EngineTireTypes/DefaultTireType.uasset" 102
"../../../Engine/Content/EditorMaterials/Camera/CineMat.uasset" 103
"../../../Engine/Content/EditorMaterials/Camera/MI_CineMat_Rig.uasset" 104
"../../../Engine/Content/EditorMeshes/Camera/SM_CraneRig_Base.uasset" 105
"../../../Engine/Content/EditorMeshes/Camera/SM_CraneRig_Arm.uasset" 106
"../../../Engine/Content/EditorMeshes/Camera/SM_CraneRig_Mount.uasset" 107
"../../../Engine/Content/EditorMeshes/Camera/SM_CraneRig_Body.uasset" 108
"../../../Engine/Content/EditorMeshes/Camera/SM_RailRig_Track.uasset" 109
"../../../Engine/Content/EditorMeshes/Camera/SM_RailRig_Mount.uasset" 110
"../../../Engine/Content/EditorMaterials/Camera/MI_CineMat_CameraBody.uasset" 111
"../../../Engine/Content/EngineDebugMaterials/M_SimpleOpaque.uasset" 112
"../../../Engine/Content/EditorMaterials/Camera/MI_CineMat_CamViewFinder.uasset" 113
"../../../Engine/Content/EditorMeshes/Camera/SM_CineCam.uasset" 114
"../../../Engine/Content/EngineMaterials/WorldGridMaterial.uasset" 115
"../../../Engine/Content/ArtTools/RenderToTexture/Meshes/S_1_Unit_Plane.uasset" 116
"../../../Engine/Content/EngineDebugMaterials/M_SimpleTranslucent.uasset" 117
"../../../Engine/Content/EditorResources/S_FTest.uasset" 118
"../../../Engine/Content/VREditor/LaserPointer/VR_LaserPower_01.uasset" 119
"../../../Engine/Content/VREditor/TransformGizmo/TransformGizmoMaterial.uasset" 120
"../../../Engine/Content/VREditor/TransformGizmo/TranslucentTransformGizmoMaterial.uasset" 121
"../../../Engine/Content/VREditor/TransformGizmo/TranslationHandle.uasset" 122
"../../../Engine/Content/VREditor/TransformGizmo/PlaneTranslationHandle.uasset" 123
"../../../Engine/Content/VREditor/TransformGizmo/RotationHandle.uasset" 124
"../../../Engine/Content/VREditor/TransformGizmo/StretchingHandle.uasset" 125
"../../../Engine/Content/VREditor/TransformGizmo/BoundingBoxCorner.uasset" 126
"../../../Engine/Content/VREditor/TransformGizmo/BoundingBoxEdge.uasset" 127
"../../../Engine/Content/VREditor/TransformGizmo/UniformScaleHandle.uasset" 128
"../../../Engine/Content/VREditor/FloatingText/LineMaterial.uasset" 129
"../../../Engine/Content/VREditor/FloatingText/LineSegmentCylinder.uasset" 130
"../../../Engine/Content/VREditor/FloatingText/JointSphere.uasset" 131
"../../../Engine/Content/VREditor/Fonts/VRText_RobotoLarge.uasset" 132
"../../../Engine/Content/VREditor/Fonts/VRTextMaterial.uasset" 133
"../../../Engine/Content/VREditor/Fonts/TranslucentVRTextMaterial.uasset" 134
"../../../Engine/Content/VREditor/UI/SelectionBarMesh.uasset" 135
"../../../Engine/Content/VREditor/UI/CloseButtonMesh.uasset" 136
"../../../Engine/Plugins/2D/Paper2D/Content/PlaceholderTextures/DummySpriteTexture.uasset" 137
"../../../Engine/Plugins/2D/Paper2D/Content/DefaultSpriteMaterial.uasset" 138
"../../../Engine/Plugins/2D/Paper2D/Content/MaskedUnlitSpriteMaterial.uasset" 139
"../../../Engine/Plugins/2D/Paper2D/Content/OpaqueUnlitSpriteMaterial.uasset" 140
"../../../Engine/Plugins/2D/Paper2D/Content/DummySprite.uasset" 141
"../../../Engine/Plugins/2D/Paper2D/Content/DefaultPaperTerrainMaterial.uasset" 142
"../../../Engine/Content/EditorSounds/Notifications/CompileSuccess.uasset" 143
"../../../Engine/Content/EditorSounds/Notifications/CompileStart_Cue.uasset" 144
"../../../Engine/Content/EditorSounds/Notifications/CompileSuccess_Cue.uasset" 145
"../../../Engine/Content/EditorSounds/Notifications/CompileFailed.uasset" 146
"../../../Engine/Content/EditorSounds/Notifications/CompileFailed_Cue.uasset" 147
"../../../Engine/Content/BufferVisualization/BaseColor.uasset" 148
"../../../Engine/Content/BufferVisualization/CustomDepth.uasset" 149
"../../../Engine/Content/Functions/Engine_MaterialFunctions02/Utility/MakeFloat2.uasset" 150
"../../../Engine/Content/Functions/Engine_MaterialFunctions02/Utility/MakeFloat3.uasset" 151
"../../../Engine/Content/EngineMaterials/MiniFont.uasset" 152
"../../../Engine/Content/BufferVisualization/CustomStencil.uasset" 153
"../../../Engine/Content/BufferVisualization/FinalImage.uasset" 154
"../../../Engine/Content/BufferVisualization/LightingModel.uasset" 155
"../../../Engine/Content/BufferVisualization/MaterialAO.uasset" 156
"../../../Engine/Content/BufferVisualization/Metallic.uasset" 157
"../../../Engine/Content/BufferVisualization/Opacity.uasset" 158
"../../../Engine/Content/BufferVisualization/Roughness.uasset" 159
"../../../Engine/Content/BufferVisualization/SceneColor.uasset" 160
"../../../Engine/Content/BufferVisualization/SceneDepth.uasset" 161
"../../../Engine/Content/BufferVisualization/SeparateTranslucencyRGB.uasset" 162
"../../../Engine/Content/BufferVisualization/SeparateTranslucencyA.uasset" 163
"../../../Engine/Content/BufferVisualization/Specular.uasset" 164
"../../../Engine/Content/BufferVisualization/SubsurfaceColor.uasset" 165
"../../../Engine/Content/BufferVisualization/WorldNormal.uasset" 166
"../../../Engine/Content/EngineMaterials/DefaultPhysicalMaterial.uasset" 167
"../../../Engine/Content/BufferVisualization/AmbientOcclusion.uasset" 168
"../../../Engine/Content/Functions/Engine_MaterialFunctions02/Utility/VectorLength.uasset" 169
"../../../Engine/Content/BufferVisualization/CustomDepthWorldUnits.uasset" 170
"../../../Engine/Content/BufferVisualization/SceneDepthWorldUnits.uasset" 171
"../../../Engine/Content/BufferVisualization/HDRColor.uasset" 172
"../../../Engine/Content/EngineMaterials/HighResolutionScreenshotMaskFunction.uasset" 173
"../../../Engine/Content/EngineMaterials/HighResScreenshot.uasset" 174
"../../../Engine/Content/EngineMaterials/HighResScreenshotMask.uasset" 175
"../../../Engine/Content/EngineMaterials/HighResScreenshotCaptureRegion.uasset" 176
"../../../Engine/Content/EngineDebugMaterials/WireframeMaterial.uasset" 177
"../../../Engine/Content/Functions/Engine_MaterialFunctions01/Shading/ConvertFromDiffSpec.uasset" 178
"../../../Engine/Content/EngineDebugMaterials/LevelColorationLitMaterial.uasset" 179
"../../../Engine/Content/EngineDebugMaterials/LevelColorationUnlitMaterial.uasset" 180
"../../../Engine/Content/EngineMaterials/DefaultWhiteGrid.uasset" 181
"../../../Engine/Content/EngineDebugMaterials/MAT_LevelColorationLitLightmapUV.uasset" 182
"../../../Engine/Content/EngineDebugMaterials/ShadedLevelColorationLitMaterial.uasset" 183
"../../../Engine/Content/EngineDebugMaterials/ShadedLevelColorationUnlitMateri.uasset" 184
"../../../Engine/Content/EngineDebugMaterials/VertexColorMaterial.uasset" 185
"../../../Engine/Content/EngineDebugMaterials/VertexColorViewMode_ColorOnly.uasset" 186
"../../../Engine/Content/EngineDebugMaterials/VertexColorViewMode_AlphaAsColor.uasset" 187
"../../../Engine/Content/EngineDebugMaterials/VertexColorViewMode_RedOnly.uasset" 188
"../../../Engine/Content/EngineDebugMaterials/VertexColorViewMode_GreenOnly.uasset" 189
"../../../Engine/Content/EngineDebugMaterials/VertexColorViewMode_BlueOnly.uasset" 190
"../../../Engine/Content/EngineMaterials/RemoveSurfaceMaterial.uasset" 191
"../../../Engine/Content/EngineDebugMaterials/DebugMeshMaterial.uasset" 192
"../../../Engine/Content/EngineMaterials/InvalidLightmapSettings.uasset" 193
"../../../Engine/Content/EngineMaterials/M_InvalidLightmapSettings.uasset" 194
"../../../Engine/Content/EditorMaterials/GizmoMaterial.uasset" 195
"../../../Engine/Content/EngineDebugMaterials/GeomMaterial.uasset" 196
"../../../Engine/Content/EngineMaterials/EditorBrushMaterial.uasset" 197
"../../../Engine/Content/EngineDebugMaterials/HeatmapGradient.uasset" 198
"../../../Engine/Content/EngineDebugMaterials/BoneWeightMaterial.uasset" 199
"../../../Engine/Content/EditorMaterials/PreviewShadowIndicator.uasset" 200
"../../../Engine/Content/EditorMaterials/PreviewShadowIndicatorMaterial.uasset" 201
"../../../Engine/Content/EditorMaterials/PhAT_JointLimitMaterial.uasset" 202
"../../../Engine/Content/EditorResources/BSPVertex.uasset" 203
"../../../Engine/Content/EngineMaterials/Good64x64TilingNoiseHighFreq.uasset" 204
"../../../Engine/Content/EngineMaterials/DefaultBokeh.uasset" 205
"../../../Engine/Content/EngineMaterials/PreintegratedSkinBRDF.uasset" 206
"../../../Engine/Content/EngineMaterials/WeightMapPlaceholderTexture.uasset" 207
"../../../Engine/Content/EngineFonts/RobotoTiny.uasset" 208
"../../../Engine/Content/Tutorial/ContentIntroCurve.uasset" 209
"../../../Engine/Content/EditorMaterials/Cross.uasset" 210
"../../../Engine/Content/EditorMaterials/Cross_Mat.uasset" 211
"../../../Engine/Content/EditorMaterials/PhAT_BoneSelectedMaterial.uasset" 212
"../../../Engine/Content/EditorMaterials/PhAT_ElemSelectedMaterial.uasset" 213
"../../../Engine/Content/EditorMaterials/PhAT_NoCollisionMaterial.uasset" 214
"../../../Engine/Content/EditorMaterials/PhAT_UnselectedMaterial.uasset" 215
"../../../Engine/Content/EditorMaterials/Tick.uasset" 216
"../../../Engine/Content/EditorMaterials/Tick_Mat.uasset" 217
"../../../Engine/Content/EditorMaterials/WidgetGridVertexColorMaterial.uasset" 218
"../../../Engine/Content/EditorMaterials/WidgetGridVertexColorMaterial_Ma.uasset" 219
"../../../Engine/Content/EditorMaterials/WidgetMaterial.uasset" 220
"../../../Engine/Content/EditorMaterials/WidgetMaterial_Current.uasset" 221
"../../../Engine/Content/EditorMaterials/WidgetMaterial_X.uasset" 222
"../../../Engine/Content/EditorMaterials/WidgetMaterial_Y.uasset" 223
"../../../Engine/Content/EditorMaterials/WidgetMaterial_Z.uasset" 224
"../../../Engine/Content/EditorMaterials/WidgetVertexColorMaterial.uasset" 225
"../../../Engine/Content/EditorMaterials/CompositeARGBLayer.uasset" 226
"../../../Engine/Content/EditorMaterials/TilingAALineIntegral.uasset" 227
"../../../Engine/Content/EditorMaterials/TilingAALineBoxFiltered.uasset" 228
"../../../Engine/Content/Functions/Engine_MaterialFunctions03/Procedurals/ComputeFilterWidth.uasset" 229
"../../../Engine/Content/EditorMaterials/TilingAADots.uasset" 230
"../../../Engine/Content/EditorMaterials/Cascade/CASC_Cross.uasset" 231
"../../../Engine/Content/EditorMaterials/Cascade/CASC_None.uasset" 232
"../../../Engine/Content/Functions/Engine_MaterialFunctions03/Blends/Blend_Screen.uasset" 233
"../../../Engine/Content/EditorMaterials/TilingAAGrid.uasset" 234
"../../../Engine/Content/EditorMaterials/LevelGridMaterial.uasset" 235
"../../../Engine/Content/EditorResources/SmallFont.uasset" 236
"../../../Engine/Content/EditorResources/S_KBSJoint.uasset" 237
"../../../Engine/Content/EditorResources/S_KHinge.uasset" 238
"../../../Engine/Content/EditorResources/S_KPrismatic.uasset" 239
"../../../Engine/Content/EditorResources/LightIcons/S_LightError.uasset" 240
"../../../Engine/Content/EditorResources/Spline/T_Loft_Spline.uasset" 241
"../../../Engine/Content/EngineMaterials/BlinkingCaret.uasset" 242
"../../../Engine/Content/EngineMaterials/DefaultNormal.uasset" 243
"../../../Engine/Content/EngineMaterials/Grid_N.uasset" 244
"../../../Engine/Content/EngineMaterials/LandscapeHolePhysicalMaterial.uasset" 245
"../../../Engine/Content/EngineMaterials/PaperDiffuse.uasset" 246
"../../../Engine/Content/EngineMaterials/PaperNormal.uasset" 247
"../../../Engine/Content/EngineMaterials/PhysMat_Rubber.uasset" 248
"../../../Engine/Content/EngineFonts/SmallFont.uasset" 249
"../../../Engine/Content/EngineFonts/TinyFont.uasset" 250
"../../../Engine/Content/EngineResources/StreamingPauseIcon.uasset" 251
"../../../Engine/Content/EngineResources/M_StreamingPause.uasset" 252
"../../../Engine/Content/BasicShapes/Sphere.uasset" 253
"../../../Engine/Content/BasicShapes/Cylinder.uasset" 254
"../../../Engine/Content/BasicShapes/Cone.uasset" 255
"../../../Engine/Content/EditorResources/SequenceRecorder/Countdown.uasset" 256
"../../../Engine/Content/EditorResources/SequenceRecorder/RecordingIndicator.uasset" 257
"../../../Engine/Content/EditorLandscapeResources/DefaultAlphaTexture.uasset" 258
"../../../Engine/Content/VREditor/Tutorial/UMG/Specialized/AnimsForHands.uasset" 259
"../../../Engine/Content/ArtTools/RenderToTexture/Enums/RenderToTexture_Imposter_Enum.uasset" 260
"../../../Engine/Content/ArtTools/RenderToTexture/Enums/RenderToTexture_Flipbook_Enum.uasset" 261
"../../../Engine/Content/ArtTools/RenderToTexture/Enums/RenderToTexture_Enum.uasset" 262
"../../../Engine/Content/EditorBlueprintResources/ActorMacros.uasset" 263
"../../../Engine/Content/EditorBlueprintResources/StandardMacros.uasset" 264
"../../../Engine/Content/ArtTools/RenderToTexture/Enums/EFloatTypes.uasset" 265
"../../../Engine/Content/ArtTools/RenderToTexture/Enums/EIntTypes.uasset" 266
"../../../Engine/Content/ArtTools/RenderToTexture/Macros/RenderToTextureMacros.uasset" 267
"../../../Engine/Content/MobileResources/HUD/MobileHUDButton2_off.uasset" 268
"../../../Engine/Content/MobileResources/HUD/MobileHUDDirectionPad.uasset" 269
"../../../Engine/Content/MobileResources/HUD/T_Castle_ThumbstickInner.uasset" 270
"../../../Engine/Content/EditorMaterials/AntialiasedGridFloor.uasset" 271
"../../../Engine/Content/EditorResources/TilePatine_D.uasset" 272
"../../../Engine/Content/EditorResources/TilePatine_N.uasset" 273
"../../../Engine/Content/EditorMaterials/PersonaFloorMat.uasset" 274
"../../../Engine/Content/EditorMaterials/GridMaterial.uasset" 275
"../../../Engine/Content/EditorMeshes/PhAT_FloorBox.uasset" 276
"../../../Engine/Content/EditorResources/EmptyActor.uasset" 277
"../../../Engine/Content/Tutorial/BlueprintTutorials/TutorialAssets/Blueprint_64x.uasset" 278
"../../../Engine/Content/Tutorial/SubEditors/TutorialAssets/icon_Editor_Preferences_General_40x.uasset" 279
"../../../Engine/Content/Tutorial/Paper2D/TutorialAssets/Paper2DSprite_TutorialIcon.uasset" 280
"../../../Engine/Content/Tutorial/SubEditors/TutorialAssets/icon_ShowSkeletalMeshes_40x.uasset" 281
"../../../Engine/Content/Tutorial/Landscape/TutorialAssets/Landscape.uasset" 282
"../../../Engine/Content/Tutorial/Foliage/TutorialAssets/Foliage.uasset" 283
"../../../Engine/Content/Tutorial/Basics/TutorialAssets/icon_tab_Levels_40x.uasset" 284
"../../../Engine/Content/EditorMaterials/MakeCompositeARGBLayer.uasset" 285
"../../../Engine/Content/EditorResources/LevelGrid1DStripes.uasset" 286
"../../../Engine/Content/EditorMaterials/TextureGridCascaded1D.uasset" 287
"../../../Engine/Content/EditorMaterials/TextureGridCascaded2D.uasset" 288
"../../../Engine/Content/EditorMaterials/LevelGridMaterial2.uasset" 289
"../../../Engine/Content/ArtTools/RenderToTexture/Macros/RenderToTextureFunctionLibrary.uasset" 290
"../../../Engine/Content/MapTemplates/Sky/DaylightAmbientCubemap.uasset" 291
"../../../Engine/Content/EditorMaterials/PersonaSky.uasset" 292
"../../../Engine/Content/MobileResources/HUD/MobileHUDButton3.uasset" 293
"../../../Engine/Content/MobileResources/T_MobileMenu2.uasset" 294
"../../../Engine/Content/MobileResources/HUD/MobileHUDDirectionPad3.uasset" 295
"../../../Engine/Content/MobileResources/T_MobileControls_texture.uasset" 296
"../../../Engine/Content/MobileResources/HUD/AnalogHat.uasset" 297
"../../../Engine/Content/MobileResources/HUD/VirtualJoystick_Background.uasset" 298
"../../../Engine/Content/MobileResources/HUD/VirtualJoystick_Thumb.uasset" 299
"../../../Engine/Content/MobileResources/HUD/DefaultVirtualJoysticks.uasset" 300
"../../../Engine/Content/MobileResources/HUD/LeftVirtualJoystickOnly.uasset" 301
"../../../Engine/Content/MobileResources/HUD/MobileHUDButton1_off.uasset" 302
"../../../Engine/Content/MobileResources/HUD/MobileHUDButton1_on.uasset" 303
"../../../Engine/Content/MobileResources/HUD/MobileHUDButton2_on.uasset" 304
"../../../Engine/Content/MobileResources/HUD/MobileHUDButtonFire.uasset" 305
"../../../Engine/Content/MobileResources/HUD/MobileHUDDirectionPad2.uasset" 306
"../../../Engine/Content/MobileResources/HUD/MobileHUDDirectionStick.uasset" 307
"../../../Engine/Content/MobileResources/HUD/T_Castle_ThumbstickOutter.uasset" 308
"../../../Engine/Content/EngineMeshes/Humanoid.uasset" 309
"../../../MechProject2_412/Content/MechaInsurgent/MechaInsurgent/Textures/Arm_Decal_Colorize.uasset" 310
"../../../MechProject2_412/Content/MechaInsurgent/MechaInsurgent/Textures/MechInsurgentSubstancePainter_1-Arm_BaseColor.uasset" 311
"../../../MechProject2_412/Content/MechaInsurgent/MechaInsurgent/Textures/MechInsurgentSubstancePainter_1-Arm_Normal.uasset" 312
"../../../MechProject2_412/Content/MechaInsurgent/MechaInsurgent/Textures/MechInsurgentSubstancePainter_1-Arm_RoughnessAoMetallic.uasset" 313
"../../../MechProject2_412/Content/MechaInsurgent/MechaInsurgent/Materials/1-Arm.uasset" 314
"../../../MechProject2_412/Content/MechaInsurgent/MechaInsurgent/Textures/Backback_Colorize.uasset" 315
"../../../MechProject2_412/Content/MechaInsurgent/MechaInsurgent/Textures/MechInsurgentSubstancePainter_1-BackBack_BaseColor.uasset" 316
"../../../MechProject2_412/Content/MechaInsurgent/MechaInsurgent/Textures/MechInsurgentSubstancePainter_1-BackBack_Normal.uasset" 317
"../../../MechProject2_412/Content/MechaInsurgent/MechaInsurgent/Textures/MechInsurgentSubstancePainter_1-BackBack_RoughnessAoMetallic.uasset" 318
"../../../MechProject2_412/Content/MechaInsurgent/MechaInsurgent/Materials/1-BackBack.uasset" 319
"../../../MechProject2_412/Content/MechaInsurgent/MechaInsurgent/Materials/Head_Colorize.uasset" 320
"../../../MechProject2_412/Content/MechaInsurgent/MechaInsurgent/Materials/Head_emiss.uasset" 321
"../../../MechProject2_412/Content/MechaInsurgent/MechaInsurgent/Textures/MechInsurgentSubstancePainter_1-head_BaseColor.uasset" 322
"../../../MechProject2_412/Content/MechaInsurgent/MechaInsurgent/Textures/MechInsurgentSubstancePainter_1-head_Emissive.uasset" 323
"../../../MechProject2_412/Content/MechaInsurgent/MechaInsurgent/Textures/MechInsurgentSubstancePainter_1-head_Normal.uasset" 324
"../../../MechProject2_412/Content/MechaInsurgent/MechaInsurgent/Textures/MechInsurgentSubstancePainter_1-head_RoughnessAoMetallic.uasset" 325
"../../../MechProject2_412/Content/MechaInsurgent/MechaInsurgent/Materials/1-head.uasset" 326
"../../../MechProject2_412/Content/MechaInsurgent/MechaInsurgent/Materials/Leg_Colorize.uasset" 327
"../../../MechProject2_412/Content/MechaInsurgent/MechaInsurgent/Textures/MechInsurgentSubstancePainter_1-Leg_BaseColor.uasset" 328
"../../../MechProject2_412/Content/MechaInsurgent/MechaInsurgent/Textures/MechInsurgentSubstancePainter_1-Leg_Normal.uasset" 329
"../../../MechProject2_412/Content/MechaInsurgent/MechaInsurgent/Textures/MechInsurgentSubstancePainter_1-Leg_RoughnessAoMetallic.uasset" 330
"../../../MechProject2_412/Content/MechaInsurgent/MechaInsurgent/Materials/1-Leg.uasset" 331
"../../../MechProject2_412/Content/MechaInsurgent/MechaInsurgent/Textures/MechInsurgentSubstancePainter_1-Torso_BaseColor.uasset" 332
"../../../MechProject2_412/Content/MechaInsurgent/MechaInsurgent/Textures/MechInsurgentSubstancePainter_1-Torso_Normal.uasset" 333
"../../../MechProject2_412/Content/MechaInsurgent/MechaInsurgent/Textures/MechInsurgentSubstancePainter_1-Torso_RoughnessAoMetallic.uasset" 334
"../../../MechProject2_412/Content/MechaInsurgent/MechaInsurgent/Materials/1-Torso.uasset" 335
"../../../MechProject2_412/Content/MechaInsurgent/MechaInsurgent/Textures/MechInsurgentSubstancePainter_Cable_BaseColor.uasset" 336
"../../../MechProject2_412/Content/MechaInsurgent/MechaInsurgent/Textures/MechInsurgentSubstancePainter_Cable_Normal.uasset" 337
"../../../MechProject2_412/Content/MechaInsurgent/MechaInsurgent/Textures/MechInsurgentSubstancePainter_Cable_RoughnessAoMetallic.uasset" 338
"../../../MechProject2_412/Content/MechaInsurgent/MechaInsurgent/Materials/Cable.uasset" 339
"../../../MechProject2_412/Content/MechaInsurgent/MechaInsurgent/Textures/MechInsurgentSubstancePainter_1-Hand_BaseColor.uasset" 340
"../../../MechProject2_412/Content/MechaInsurgent/MechaInsurgent/Textures/MechInsurgentSubstancePainter_1-Hand_Normal.uasset" 341
"../../../MechProject2_412/Content/MechaInsurgent/MechaInsurgent/Textures/MechInsurgentSubstancePainter_1-Hand_RoughnessAoMetallic.uasset" 342
"../../../MechProject2_412/Content/MechaInsurgent/MechaInsurgent/Materials/Hand.uasset" 343
"../../../MechProject2_412/Content/MechaInsurgent/MechaInsurgent/Textures/MechInsurgentSubstancePainter_Utility_BaseColor.uasset" 344
"../../../MechProject2_412/Content/MechaInsurgent/MechaInsurgent/Textures/MechInsurgentSubstancePainter_Utility_Emissive.uasset" 345
"../../../MechProject2_412/Content/MechaInsurgent/MechaInsurgent/Textures/MechInsurgentSubstancePainter_Utility_ID.uasset" 346
"../../../MechProject2_412/Content/MechaInsurgent/MechaInsurgent/Textures/MechInsurgentSubstancePainter_Utility_Normal.uasset" 347
"../../../MechProject2_412/Content/MechaInsurgent/MechaInsurgent/Textures/MechInsurgentSubstancePainter_Utility_RoughnessAoMetallic.uasset" 348
"../../../MechProject2_412/Content/MechaInsurgent/MechaInsurgent/Materials/Utility.uasset" 349
"../../../MechProject2_412/Content/MechaInsurgent/MechaInsurgent/Textures/MechInsurgentSubstancePainter_Utility2_BaseColor.uasset" 350
"../../../MechProject2_412/Content/MechaInsurgent/MechaInsurgent/Textures/MechInsurgentSubstancePainter_Utility2_Normal.uasset" 351
"../../../MechProject2_412/Content/MechaInsurgent/MechaInsurgent/Textures/MechInsurgentSubstancePainter_Utility2_RoughnessAoMetallic.uasset" 352
"../../../MechProject2_412/Content/MechaInsurgent/MechaInsurgent/Materials/Utility2.uasset" 353
"../../../MechProject2_412/Content/MechaInsurgent/NewFolder/mechinsurgentSRIGEXPORT_380_PhysicsAsset.uasset" 354
"../../../MechProject2_412/Content/MechaInsurgent/MechaInsurgent/mechinsurgentSRIGEXPORT_380.uasset" 355
"../../../MechProject2_412/Content/MechaInsurgent/MechaInsurgent/mechinsurgentSRIGEXPORT_380_Skeleton.uasset" 356
"../../../MechProject2_412/Content/MechaInsurgent/MechaInsurgent/Animation/mechinsurgentSRIGEXPORT_380_Death.uasset" 357
"../../../MechProject2_412/Content/MechaInsurgent/MechaInsurgent/Animation/mechinsurgentSRIGEXPORT_380_Idle.uasset" 358
"../../../MechProject2_412/Content/MechaInsurgent/MechaInsurgent/Animation/mechinsurgentSRIGEXPORT_380_Kick_R.uasset" 359
"../../../MechProject2_412/Content/MechaInsurgent/MechaInsurgent/HyenaFirstPerson_Skeleton.uasset" 360
"../../../MechProject2_412/Content/MechaInsurgent/MechaInsurgent/FirstPersonAnimation/HyenaFirstPerson_FP_Idle.uasset" 361
"../../../MechProject2_412/Content/MechaInsurgent/MechaInsurgent/FirstPersonAnimation/HyenaFirstPerson_FP_Drag_Center.uasset" 362
"../../../MechProject2_412/Content/MechaInsurgent/MechaInsurgent/FirstPersonAnimation/HyenaFirstPerson_FP_Drag_Down.uasset" 363
"../../../MechProject2_412/Content/MechaInsurgent/MechaInsurgent/FirstPersonAnimation/HyenaFirstPerson_FP_Drag_Left.uasset" 364
"../../../MechProject2_412/Content/MechaInsurgent/MechaInsurgent/FirstPersonAnimation/HyenaFirstPerson_FP_Drag_LeftDown.uasset" 365
"../../../MechProject2_412/Content/MechaInsurgent/MechaInsurgent/FirstPersonAnimation/HyenaFirstPerson_FP_Drag_LeftUp.uasset" 366
"../../../MechProject2_412/Content/MechaInsurgent/MechaInsurgent/FirstPersonAnimation/HyenaFirstPerson_FP_Drag_Right.uasset" 367
"../../../MechProject2_412/Content/MechaInsurgent/MechaInsurgent/FirstPersonAnimation/HyenaFirstPerson_FP_Drag_RightDown.uasset" 368
"../../../MechProject2_412/Content/MechaInsurgent/MechaInsurgent/FirstPersonAnimation/HyenaFirstPerson_FP_Drag_RightUp.uasset" 369
"../../../MechProject2_412/Content/MechaInsurgent/MechaInsurgent/FirstPersonAnimation/HyenaFirstPerson_FP_Drage_Up.uasset" 370
"../../../MechProject2_412/Content/MechaInsurgent/MechaInsurgent/FirstPersonAnimation/FPDrage.uasset" 371
"../../../MechProject2_412/Content/MechaInsurgent/MechaInsurgent/FirstPersonAnimation/HyenaFirstPerson_FP_Idle2.uasset" 372
"../../../MechProject2_412/Content/MechaInsurgent/MechaInsurgent/FirstPersonAnimation/HyenaFirstPerson_FP_Jump_End.uasset" 373
"../../../MechProject2_412/Content/MechaInsurgent/MechaInsurgent/FirstPersonAnimation/HyenaFirstPerson_FP_Jump_Start.uasset" 374
"../../../MechProject2_412/Content/MechaInsurgent/MechaInsurgent/FirstPersonAnimation/HyenaFirstPerson_FP_JumpLoop.uasset" 375
"../../../MechProject2_412/Content/MechaInsurgent/MechaInsurgent/FirstPersonAnimation/HyenaFirstPerson_FP_Knife.uasset" 376
"../../../MechProject2_412/Content/MechaInsurgent/MechaInsurgent/FirstPersonAnimation/HyenaFirstPerson_FP_Reload.uasset" 377
"../../../MechProject2_412/Content/MechaInsurgent/MechaInsurgent/FirstPersonAnimation/HyenaFirstPerson_FP_Shoot.uasset" 378
"../../../MechProject2_412/Content/MechaInsurgent/MechaInsurgent/FirstPersonAnimation/HyenaFirstPerson_Walk.uasset" 379
"../../../MechProject2_412/Content/MechaInsurgent/MechaInsurgent/MyInterface/HealthInterface.uasset" 380
"../../../MechProject2_412/Content/MechaInsurgent/CharacterBase.uasset" 381
"../../../MechProject2_412/Content/MechaInsurgent/MechaInsurgent/FirstPersonAnim.uasset" 382
"../../../MechProject2_412/Content/MechaInsurgent/MechaInsurgent/Animation/mechinsurgentSRIGEXPORT_380_Aim_Center.uasset" 383
"../../../MechProject2_412/Content/MechaInsurgent/MechaInsurgent/Animation/mechinsurgentSRIGEXPORT_380_Aim_Down_Center.uasset" 384
"../../../MechProject2_412/Content/MechaInsurgent/MechaInsurgent/Animation/mechinsurgentSRIGEXPORT_380_Aim_Down_Left.uasset" 385
"../../../MechProject2_412/Content/MechaInsurgent/MechaInsurgent/Animation/mechinsurgentSRIGEXPORT_380_Aim_Down_Right.uasset" 386
"../../../MechProject2_412/Content/MechaInsurgent/MechaInsurgent/Animation/mechinsurgentSRIGEXPORT_380_Aim_Left.uasset" 387
"../../../MechProject2_412/Content/MechaInsurgent/MechaInsurgent/Animation/mechinsurgentSRIGEXPORT_380_Aim_Right.uasset" 388
"../../../MechProject2_412/Content/MechaInsurgent/MechaInsurgent/Animation/mechinsurgentSRIGEXPORT_380_Aim_Up.uasset" 389
"../../../MechProject2_412/Content/MechaInsurgent/MechaInsurgent/Animation/mechinsurgentSRIGEXPORT_380_Aim_Up_Left.uasset" 390
"../../../MechProject2_412/Content/MechaInsurgent/MechaInsurgent/Animation/mechinsurgentSRIGEXPORT_380_Aim_Up_Right.uasset" 391
"../../../MechProject2_412/Content/MechaInsurgent/MechaInsurgent/Animation/AimOffset.uasset" 392
"../../../MechProject2_412/Content/MechaInsurgent/MechaInsurgent/Animation/mechinsurgentSRIGEXPORT_380_Crouch_loop.uasset" 393
"../../../MechProject2_412/Content/MechaInsurgent/MechaInsurgent/Animation/mechinsurgentSRIGEXPORT_380_Idle_Search.uasset" 394
"../../../MechProject2_412/Content/MechaInsurgent/MechaInsurgent/Animation/mechinsurgentSRIGEXPORT_380_Jump_End_001.uasset" 395
"../../../MechProject2_412/Content/MechaInsurgent/MechaInsurgent/Animation/mechinsurgentSRIGEXPORT_380_Jump_From_Run.uasset" 396
"../../../MechProject2_412/Content/MechaInsurgent/MechaInsurgent/Animation/mechinsurgentSRIGEXPORT_380_Jump_From_Run_End_001.uasset" 397
"../../../MechProject2_412/Content/MechaInsurgent/MechaInsurgent/Animation/mechinsurgentSRIGEXPORT_380_Jump_From_Run_Mid.uasset" 398
"../../../MechProject2_412/Content/MechaInsurgent/MechaInsurgent/Animation/mechinsurgentSRIGEXPORT_380_Jump_Middle.uasset" 399
"../../../MechProject2_412/Content/MechaInsurgent/MechaInsurgent/Animation/mechinsurgentSRIGEXPORT_380_Jump_Start.uasset" 400
"../../../MechProject2_412/Content/MechaInsurgent/MechaInsurgent/Animation/mechinsurgentSRIGEXPORT_380_Kick_L.uasset" 401
"../../../MechProject2_412/Content/MechaInsurgent/MechaInsurgent/Animation/mechinsurgentSRIGEXPORT_380_Melee.uasset" 402
"../../../MechProject2_412/Content/MechaInsurgent/MechaInsurgent/Animation/mechinsurgentSRIGEXPORT_380_Posses2.uasset" 403
"../../../MechProject2_412/Content/MechaInsurgent/MechaInsurgent/Animation/mechinsurgentSRIGEXPORT_380_Reload.uasset" 404
"../../../MechProject2_412/Content/MechaInsurgent/MechaInsurgent/Animation/mechinsurgentSRIGEXPORT_380_Shoot_2.uasset" 405
"../../../MechProject2_412/Content/MechaInsurgent/MechaInsurgent/Animation/mechinsurgentSRIGEXPORT_380_WallRide_L.uasset" 406
"../../../MechProject2_412/Content/MechaInsurgent/MechaInsurgent/Animation/mechinsurgentSRIGEXPORT_380_WallRide_R.uasset" 407
"../../../MechProject2_412/Content/ThirdPersonIdle.uasset" 408
"../../../MechProject2_412/Content/MechaInsurgent/MechaInsurgent/Animation/mechinsurgentSRIGEXPORT_380_Crouch_WALK.uasset" 409
"../../../MechProject2_412/Content/MechaInsurgent/MechaInsurgent/Animation/mechinsurgentSRIGEXPORT_380_Crouch_WALK_Backwards.uasset" 410
"../../../MechProject2_412/Content/MechaInsurgent/MechaInsurgent/Animation/mechinsurgentSRIGEXPORT_380_Crouch_WALK_Left.uasset" 411
"../../../MechProject2_412/Content/MechaInsurgent/MechaInsurgent/Animation/mechinsurgentSRIGEXPORT_380_Crouch_WALK_Right.uasset" 412
"../../../MechProject2_412/Content/MechaInsurgent/MechaInsurgent/Animation/Crouch_BS.uasset" 413
"../../../MechProject2_412/Content/MechaInsurgent/MechaInsurgent/Animation/mechinsurgentSRIGEXPORT_380_Run_Forward_2.uasset" 414
"../../../MechProject2_412/Content/MechaInsurgent/MechaInsurgent/Animation/mechinsurgentSRIGEXPORT_380_Run_Left2.uasset" 415
"../../../MechProject2_412/Content/MechaInsurgent/MechaInsurgent/Animation/mechinsurgentSRIGEXPORT_380_Run_Right_2.uasset" 416
"../../../MechProject2_412/Content/MechaInsurgent/MechaInsurgent/Animation/mechinsurgentSRIGEXPORT_380_Walk_Backward.uasset" 417
"../../../MechProject2_412/Content/MechaInsurgent/MechaInsurgent/Animation/mechinsurgentSRIGEXPORT_380_Walk_Forwards.uasset" 418
"../../../MechProject2_412/Content/MechaInsurgent/MechaInsurgent/Animation/Jog_BS.uasset" 419
"../../../MechProject2_412/Content/MechaInsurgent/MechaInsurgent/Animation/mechinsurgentSRIGEXPORT_380_Walk_Left.uasset" 420
"../../../MechProject2_412/Content/MechaInsurgent/MechaInsurgent/Animation/mechinsurgentSRIGEXPORT_380_Walk_RIGHT.uasset" 421
"../../../MechProject2_412/Content/MechaInsurgent/MechaInsurgent/Animation/Walk_BS.uasset" 422
"../../../MechProject2_412/Content/MechaInsurgent/MechaInsurgent/Ai/MechAi_State.uasset" 423
"../../../MechProject2_412/Content/MechaInsurgent/Ai/AICharacter_BlackBoard.uasset" 424
"../../../MechProject2_412/Content/MechaInsurgent/Ai/BTD_AllowIfDistanceGreaterThan.uasset" 425
"../../../MechProject2_412/Content/MechaInsurgent/Ai/AiState.uasset" 426
"../../../MechProject2_412/Content/MechaInsurgent/Ai/BTS_VisionCheck.uasset" 427
"../../../MechProject2_412/Content/MechaInsurgent/Ai/BTT_Attack.uasset" 428
"../../../MechProject2_412/Content/MechaInsurgent/Ai/BTT_DestroyMemory.uasset" 429
"../../../MechProject2_412/Content/MechaInsurgent/Ai/BTT_SetWalkSpeedAndFocus.uasset" 430
"../../../MechProject2_412/Content/MechaInsurgent/Ai/BTT_TravelToPoint_Base.uasset" 431
"../../../MechProject2_412/Content/MechaInsurgent/Ai/BTT_StrafeAroundPlayer.uasset" 432
"../../../MechProject2_412/Content/MechaInsurgent/Ai/BTT_WanderToPoint.uasset" 433
"../../../MechProject2_412/Content/MechaInsurgent/Ai/AICharacter_Behavior.uasset" 434
"../../../MechProject2_412/Content/MechaInsurgent/Ai/AICharacter_Controller.uasset" 435
"../../../MechProject2_412/Content/MechaInsurgent/MechaInsurgent/MechSurgAnim.uasset" 436
"../../../MechProject2_412/Content/MechaInsurgent/MechaInsurgent/ring1_Skeleton.uasset" 437
"../../../MechProject2_412/Content/MechaInsurgent/MechaInsurgent/Animation/ring1_Anim_Armature_RingSpin.uasset" 438
"../../../MechProject2_412/Content/MechaInsurgent/MechaInsurgent/Ai/BTS_MechSense.uasset" 439
"../../../MechProject2_412/Content/MechaInsurgent/MechaInsurgent/Ai/BTT_Patrol.uasset" 440
"../../../MechProject2_412/Content/MechaInsurgent/MechaInsurgent/Ai/BTT_SetWalkSpeed.uasset" 441
"../../../MechProject2_412/Content/MechaInsurgent/MechaInsurgent/Ai/MechAI_Behavior.uasset" 442
"../../../MechProject2_412/Content/MechaInsurgent/MechaInsurgent/Ai/MechAi_BlackBoard.uasset" 443
"../../../MechProject2_412/Content/MechaInsurgent/MechaInsurgent/Ai/MechAI_Controller.uasset" 444
"../../../MechProject2_412/Content/MechaInsurgent/MechaInsurgent/MechGame.uasset" 445
"../../../MechProject2_412/Content/MechaInsurgent/MechaInsurgent/MyInterface/CamShake1.uasset" 446
"../../../MechProject2_412/Content/MechaInsurgent/MechaInsurgent/Gun/shell.uasset" 447
"../../../MechProject2_412/Content/MechaInsurgent/shell.uasset" 448
"../../../MechProject2_412/Content/MechaInsurgent/MechaInsurgent/MyInterface/HyenaHud.uasset" 449
"../../../MechProject2_412/Content/MechaInsurgent/MechaInsurgent/Gun/LaserTexture.uasset" 450
"../../../MechProject2_412/Content/MechaInsurgent/MechaInsurgent/Gun/LaserMaterial.uasset" 451
"../../../MechProject2_412/Content/MechaInsurgent/MechaInsurgent/Materials/HoloRing.uasset" 452
"../../../MechProject2_412/Content/MechaInsurgent/MechaInsurgent/Materials/Ring2.uasset" 453
"../../../MechProject2_412/Content/MechaInsurgent/MechaInsurgent/Gun/8d82b5_Kriss_Vector_Firing_Sound_Effect.uasset" 454
"../../../MechProject2_412/Content/MechaInsurgent/MechaInsurgent/Textures/KrissVector_Gun_BaseColor.uasset" 455
"../../../MechProject2_412/Content/MechaInsurgent/MechaInsurgent/Textures/KrissVector_Gun_Normal.uasset" 456
"../../../MechProject2_412/Content/MechaInsurgent/MechaInsurgent/Textures/KrissVector_Gun_RoughnessAoMetallic.uasset" 457
"../../../MechProject2_412/Content/MechaInsurgent/MechaInsurgent/Materials/Gun.uasset" 458
"../../../MechProject2_412/Content/MechaInsurgent/NewFolder/GunGlass_001.uasset" 459
"../../../MechProject2_412/Content/MechaInsurgent/NewFolder/GunRed_001.uasset" 460
"../../../MechProject2_412/Content/MechaInsurgent/MechaInsurgent/Gun/kriss_PhysicsAsset.uasset" 461
"../../../MechProject2_412/Content/MechaInsurgent/MechaInsurgent/Gun/kriss_Skeleton.uasset" 462
"../../../MechProject2_412/Content/MechaInsurgent/MechaInsurgent/Gun/kriss.uasset" 463
"../../../MechProject2_412/Content/MechaInsurgent/MechaInsurgent/Gun/Kriss_Material_001_BaseColor.uasset" 464
"../../../MechProject2_412/Content/MechaInsurgent/MechaInsurgent/Gun/Kriss_Material_001_Normal.uasset" 465
"../../../MechProject2_412/Content/MechaInsurgent/MechaInsurgent/Gun/Kriss_Material_001_RoughnessAoMetallic.uasset" 466
"../../../MechProject2_412/Content/MechaInsurgent/MechaInsurgent/Gun/KrissFpMaterial.uasset" 467
"../../../MechProject2_412/Content/MechaInsurgent/MechaInsurgent/Gun/KrissFP_Cube_000_PhysicsAsset.uasset" 468
"../../../MechProject2_412/Content/MechaInsurgent/MechaInsurgent/Gun/KrissFP_Cube_000_Skeleton.uasset" 469
"../../../MechProject2_412/Content/MechaInsurgent/MechaInsurgent/Gun/KrissFP.uasset" 470
"../../../MechProject2_412/Content/MechaInsurgent/MechaInsurgent/Gun/LaserBeam.uasset" 471
"../../../MechProject2_412/Content/MechaInsurgent/MechaInsurgent/Textures/FPtextures/HyenaFirstPerson_1-HandHigh_BaseColor.uasset" 472
"../../../MechProject2_412/Content/MechaInsurgent/MechaInsurgent/Textures/FPtextures/HyenaFirstPerson_1-HandHigh_Normal.uasset" 473
"../../../MechProject2_412/Content/MechaInsurgent/MechaInsurgent/Textures/FPtextures/HyenaFirstPerson_1-HandHigh_RoughnessAoMetallic.uasset" 474
"../../../MechProject2_412/Content/MechaInsurgent/MechaInsurgent/1-HandHigh.uasset" 475
"../../../MechProject2_412/Content/MechaInsurgent/MechaInsurgent/Textures/FPtextures/HyenaFirstPerson_Material_008_BaseColor.uasset" 476
"../../../MechProject2_412/Content/MechaInsurgent/MechaInsurgent/Textures/FPtextures/HyenaFirstPerson_Material_008_Normal.uasset" 477
"../../../MechProject2_412/Content/MechaInsurgent/MechaInsurgent/Textures/FPtextures/HyenaFirstPerson_Material_008_RoughnessAoMetallic.uasset" 478
"../../../MechProject2_412/Content/MechaInsurgent/MechaInsurgent/Material_008.uasset" 479
"../../../MechProject2_412/Content/MechaInsurgent/MechaInsurgent/HyenaFirstPerson_PhysicsAsset.uasset" 480
"../../../MechProject2_412/Content/MechaInsurgent/MechaInsurgent/HyenaFirstPerson.uasset" 481
"../../../MechProject2_412/Content/MechaInsurgent/MechaInsurgent/Utility1_Diff.uasset" 482
"../../../MechProject2_412/Content/MechaInsurgent/MechaInsurgent/Utility_Norm.uasset" 483
"../../../MechProject2_412/Content/MechaInsurgent/MechaInsurgent/Utility.uasset" 484
"../../../MechProject2_412/Content/MechaInsurgent/MechaInsurgent/knife_Export_PhysicsAsset.uasset" 485
"../../../MechProject2_412/Content/MechaInsurgent/MechaInsurgent/knife_Export_Skeleton.uasset" 486
"../../../MechProject2_412/Content/MechaInsurgent/MechaInsurgent/knife_Export.uasset" 487
"../../../MechProject2_412/Content/MechaInsurgent/MechaInsurgent/Materials/ring.uasset" 488
"../../../MechProject2_412/Content/MechaInsurgent/MechaInsurgent/Materials/Holo2.uasset" 489
"../../../MechProject2_412/Content/MechaInsurgent/MechaInsurgent/Materials/Material_002.uasset" 490
"../../../MechProject2_412/Content/MechaInsurgent/MechaInsurgent/ring1_PhysicsAsset.uasset" 491
"../../../MechProject2_412/Content/MechaInsurgent/MechaInsurgent/Materials/ring1.uasset" 492
"../../../MechProject2_412/Content/StarterContent/Audio/Steam01.uasset" 493
"../../../MechProject2_412/Content/StarterContent/Textures/T_Burst_M.uasset" 494
"../../../MechProject2_412/Content/StarterContent/Particles/Materials/M_Burst.uasset" 495
"../../../MechProject2_412/Content/StarterContent/Textures/T_Explosion_SubUV.uasset" 496
"../../../MechProject2_412/Content/StarterContent/Particles/Materials/M_explosion_subUV.uasset" 497
"../../../MechProject2_412/Content/StarterContent/Particles/Materials/m_flare_01.uasset" 498
"../../../Engine/Content/Functions/Engine_MaterialFunctions01/Gradient/RadialGradient.uasset" 499
"../../../MechProject2_412/Content/StarterContent/Particles/Materials/M_radial_ramp.uasset" 500
"../../../MechProject2_412/Content/StarterContent/Textures/T_Smoke_SubUV.uasset" 501
"../../../MechProject2_412/Content/StarterContent/Textures/T_Smoke_Tiled_D.uasset" 502
"../../../MechProject2_412/Content/StarterContent/Particles/Materials/M_smoke_subUV.uasset" 503
"../../../MechProject2_412/Content/StarterContent/Particles/P_Explosion.uasset" 504
"../../../MechProject2_412/Content/StarterContent/Particles/Materials/M_Radial_Gradient.uasset" 505
"../../../MechProject2_412/Content/StarterContent/Textures/T_Spark_Core.uasset" 506
"../../../MechProject2_412/Content/StarterContent/Particles/Materials/M_Spark.uasset" 507
"../../../MechProject2_412/Content/StarterContent/Particles/P_Sparks.uasset" 508
"../../../MechProject2_412/Content/MechaInsurgent/MechaInsurgent/MechChara.uasset" 509
"../../../Engine/Content/EngineSky/C_Sky_Cloud_Color.uasset" 510
"../../../Engine/Content/EngineSky/C_Sky_Horizon_Color.uasset" 511
"../../../Engine/Content/EngineSky/C_Sky_Zenith_Color.uasset" 512
"../../../Engine/Content/EngineSky/T_Sky_Blue.uasset" 513
"../../../Engine/Content/EngineSky/T_Sky_Clouds_M.uasset" 514
"../../../Engine/Content/EngineSky/T_Sky_Stars.uasset" 515
"../../../Engine/Content/EngineSky/M_Sky_Panning_Clouds2.uasset" 516
"../../../Engine/Content/EngineSky/SM_SkySphere.uasset" 517
"../../../Engine/Content/EngineSky/BP_Sky_Sphere.uasset" 518
"../../../MechProject2_412/Content/Geometry/Meshes/CubeMaterial.uasset" 519
"../../../MechProject2_412/Content/Geometry/Meshes/1M_Cube_Chamfer.uasset" 520
"../../../MechProject2_412/Content/Geometry/Meshes/1M_Cube_Chamfer_DM.uasset" 521
"../../../Engine/Content/BasicShapes/BasicShapeMaterial.uasset" 522
"../../../MechProject2_412/Content/MechaInsurgent/PanelID.uasset" 523
"../../../MechProject2_412/Content/MechaInsurgent/PanelTexture.uasset" 524
"../../../MechProject2_412/Content/MechaInsurgent/Panel.uasset" 525
"../../../MechProject2_412/Content/StarterContent/Materials/M_AssetPlatform.uasset" 526
"../../../MechProject2_412/Content/StarterContent/Materials/M_Basic_Floor.uasset" 527
"../../../MechProject2_412/Content/StarterContent/Materials/M_Basic_Wall.uasset" 528
"../../../Engine/Content/Functions/Engine_MaterialFunctions02/Utility/BlendAngleCorrectedNormals.uasset" 529
"../../../MechProject2_412/Content/StarterContent/Textures/T_Tech_Hex_Tile_M.uasset" 530
"../../../MechProject2_412/Content/StarterContent/Textures/T_Tech_Hex_Tile_N.uasset" 531
"../../../MechProject2_412/Content/StarterContent/Materials/M_Tech_Hex_Tile.uasset" 532
"../../../Engine/Content/BasicShapes/Cube.uasset" 533
"../../../Engine/Content/MapTemplates/SM_Template_Map_Floor.uasset" 534
"../../../MechProject2_412/Content/ThirdPersonBP/Maps/DEMOmap.umap" 535
