Log file open, 06/15/16 17:42:42
LogInit:Display: Running engine for game: MechProject2_4122
LogPlatformFile: Not using cached read wrapper
LogInit:Display: RandInit(-711499808) SRandInit(-711499806).
LogTaskGraph: Started task graph with 4 named threads and 11 total threads with 1 sets of task threads.
LogStats: Stats thread started at 0.118091
LogInit: Version: 4.12.2-3005592+++UE4+Release-4.12
LogInit: API Version: 2992821
LogInit: Net Version: 3005592
LogDevObjectVersion: Number of dev versions registered: 13
LogDevObjectVersion:   Dev-Blueprints (B0D832E4-1F89-4F0D-ACCF-7EB736FD4AA2): 3
LogDevObjectVersion:   Dev-Build (E1C64328-A22C-4D53-A36C-8E866417BD8C): 0
LogDevObjectVersion:   Dev-Core (375EC13C-06E4-48FB-B500-84F0262A717E): 1
LogDevObjectVersion:   Dev-Editor (E4B068ED-F494-42E9-A231-DA0B2E46BB41): 2
LogDevObjectVersion:   Dev-Framework (CFFC743F-43B0-4480-9391-14DF171D2073): 6
LogDevObjectVersion:   Dev-Mobile (B02B49B5-BB20-44E9-A304-32B752E40360): 0
LogDevObjectVersion:   Dev-Networking (A4E4105C-59A1-49B5-A7C5-40C4547EDFEE): 0
LogDevObjectVersion:   Dev-Online (39C831C9-5AE6-47DC-9A44-9C173E1C8E7C): 0
LogDevObjectVersion:   Dev-Physics (78F01B33-EBEA-4F98-B9B4-84EACCB95AA2): 0
LogDevObjectVersion:   Dev-Platform (6631380F-2D4D-43E0-8009-CF276956A95A): 0
LogDevObjectVersion:   Dev-Rendering (12F88B9F-8875-4AFC-A67C-D90C383ABD29): 2
LogDevObjectVersion:   Dev-Sequencer (7B5AE74C-D270-4C10-A958-57980B212A5A): 0
LogDevObjectVersion:   Dev-VR (D7296918-1DD6-4BDD-9DE2-64A83CC13884): 0
LogInit: Compiled (64-bit): Jun  8 2016 08:57:49
LogInit: Compiled with Visual C++: 19.00.23026.00
LogInit: Build Configuration: Development
LogInit: Branch Name: ++UE4+Release-4.12
LogInit: Command line: -EpicPortal 
LogInit: Base directory: F:/Programs/Epic Games/4.12/Engine/Binaries/Win64/
LogInit: Installed Engine Build: 1
LogInit: Using libcurl 7.41.0
LogInit:  - built for x86_64-pc-win32
LogInit:  - supports SSL with WinSSL
LogInit:  - other features:
LogInit:      CURL_VERSION_SSL
LogInit:      CURL_VERSION_IPV6
LogInit:      CURL_VERSION_ASYNCHDNS
LogInit:      CURL_VERSION_LARGEFILE
LogInit:      CURL_VERSION_IDN
LogInit:  CurlRequestOptions (configurable via config and command line):
LogInit:  - bVerifyPeer = true  - Libcurl will verify peer certificate
LogInit:  - bUseHttpProxy = false  - Libcurl will NOT use HTTP proxy
LogInit:  - bDontReuseConnections = false  - Libcurl will reuse connections
LogInit:  - CertBundlePath = nullptr  - Libcurl will use whatever was configured at build time.
LogInit: Presizing for max 8388607 objects, including 0 objects not considered by GC, pre-allocating 0 bytes for permanent pool.
LogInit: Object subsystem initialized
[2016.06.15-21.42.42:828][  0]LogInit: Selected Device Profile: [Windows]
[2016.06.15-21.42.42:828][  0]LogInit: Applying CVar settings loaded from the selected device profile: [Windows]
[2016.06.15-21.42.42:867][  0]LogInit: Computer: Z600-PC
[2016.06.15-21.42.42:867][  0]LogInit: User: Z600
[2016.06.15-21.42.42:867][  0]LogInit: CPU Page size=65536, Cores=8
[2016.06.15-21.42.42:867][  0]LogInit: High frequency timer resolution =2.597685 MHz
[2016.06.15-21.42.42:867][  0]LogMemory: Memory total: Physical=12.0GB (12GB approx)
[2016.06.15-21.42.42:867][  0]LogMemory: Platform Memory Stats for Windows
[2016.06.15-21.42.42:867][  0]LogMemory: Process Physical Memory: 192.85 MB used, 192.85 MB peak
[2016.06.15-21.42.42:867][  0]LogMemory: Process Virtual Memory: 197.37 MB used, 197.37 MB peak
[2016.06.15-21.42.42:867][  0]LogMemory: Physical Memory: 6228.13 MB used, 12271.22 MB total
[2016.06.15-21.42.42:867][  0]LogMemory: Virtual Memory: 519.93 MB used, 8388608.00 MB total
[2016.06.15-21.42.42:908][  0]LogTextLocalizationManager: No specific translations for ('en-US') exist, so ('en') translations will be used.
[2016.06.15-21.42.43:495][  0]LogD3D11RHI: D3D11 adapters:
[2016.06.15-21.42.43:530][  0]LogD3D11RHI:    0. 'NVIDIA GeForce GTX 750 Ti' (Feature Level 11_0)
[2016.06.15-21.42.43:530][  0]LogD3D11RHI:       1992/0/2048 MB DedicatedVideo/DedicatedSystem/SharedSystem, Outputs:2, VendorId:0x10de
[2016.06.15-21.42.43:530][  0]LogD3D11RHI: Chosen D3D11 Adapter: 0
[2016.06.15-21.42.43:536][  0]LogD3D11RHI: Creating new Direct3DDevice
[2016.06.15-21.42.43:536][  0]LogD3D11RHI:     GPU DeviceId: 0x1380 (for the marketing name, search the web for "GPU Device Id")
[2016.06.15-21.42.43:536][  0]LogWindows: EnumDisplayDevices:
[2016.06.15-21.42.43:536][  0]LogWindows:    0. 'NVIDIA GeForce GTX 750 Ti' (P:1 D:1)
[2016.06.15-21.42.43:537][  0]LogWindows:    1. 'NVIDIA GeForce GTX 750 Ti' (P:0 D:1)
[2016.06.15-21.42.43:537][  0]LogWindows:    2. 'NVIDIA GeForce GTX 750 Ti' (P:0 D:0)
[2016.06.15-21.42.43:537][  0]LogWindows:    3. 'NVIDIA GeForce GTX 750 Ti' (P:0 D:0)
[2016.06.15-21.42.43:537][  0]LogWindows:    4. 'RDPDD Chained DD' (P:0 D:0)
[2016.06.15-21.42.43:537][  0]LogWindows:    5. 'RDP Encoder Mirror Driver' (P:0 D:0)
[2016.06.15-21.42.43:537][  0]LogWindows:    6. 'RDP Reflector Display Driver' (P:0 D:0)
[2016.06.15-21.42.43:537][  0]LogWindows: DebugString: GetVideoDriverDetailsInvalid PrimaryIsNotTheChoosenAdapter GetVideoDriverDetailsInvalid PrimaryIsNotTheChoosenAdapter GetVideoDriverDetailsInvalid PrimaryIsNotTheChoosenAdapter FoundDriverCount:4 
[2016.06.15-21.42.43:537][  0]LogD3D11RHI:     Adapter Name: NVIDIA GeForce GTX 750 Ti
[2016.06.15-21.42.43:537][  0]LogD3D11RHI:   Driver Version: 361.43 (internal:10.18.13.6143, unified:361.43)
[2016.06.15-21.42.43:537][  0]LogD3D11RHI:      Driver Date: 12-16-2015
[2016.06.15-21.42.43:537][  0]LogRHI: Texture pool is 1361 MB (70% of 1945 MB)
[2016.06.15-21.42.43:549][  0]LogD3D11RHI: Async texture creation enabled
[2016.06.15-21.42.43:567][  0]LogD3D11RHI: GPU Timing Frequency: 1000.000000 (Debug: 2 2)
[2016.06.15-21.42.43:567][  0]LogShaderCompilers: Guid format shader working directory is -20 characters bigger than the processId version (../../../../../../UnrealProjects/MechProj2_4-12/MechProject2_4122/Intermediate/Shaders/WorkingDirectory/8136/).
[2016.06.15-21.42.43:567][  0]LogShaderCompilers: Cleaned the shader compiler working directory 'C:/Users/Z600/AppData/Local/Temp/UnrealShaderWorkingDir/4D3CA57F47200DFD6A946090DAEAB803/'.
[2016.06.15-21.42.43:568][  0]LogShaderCompilers:Display: Using Local Shader Compiler.
[2016.06.15-21.42.44:876][  0]LogTemp:Display: Loaded TP AllDesktopTargetPlatform
[2016.06.15-21.42.44:889][  0]LogTemp:Display: Loaded TP WindowsClientTargetPlatform
[2016.06.15-21.42.44:902][  0]LogTemp:Display: Loaded TP WindowsNoEditorTargetPlatform
[2016.06.15-21.42.44:915][  0]LogTemp:Display: Loaded TP WindowsServerTargetPlatform
[2016.06.15-21.42.44:927][  0]LogTemp:Display: Loaded TP WindowsTargetPlatform
[2016.06.15-21.42.44:938][  0]LogTemp:Display: Loaded TP AndroidTargetPlatform
[2016.06.15-21.42.44:950][  0]LogTemp:Display: Loaded TP Android_ASTCTargetPlatform
[2016.06.15-21.42.44:961][  0]LogTemp:Display: Loaded TP Android_ATCTargetPlatform
[2016.06.15-21.42.44:972][  0]LogTemp:Display: Loaded TP Android_DXTTargetPlatform
[2016.06.15-21.42.44:984][  0]LogTemp:Display: Loaded TP Android_ETC1TargetPlatform
[2016.06.15-21.42.44:995][  0]LogTemp:Display: Loaded TP Android_ETC2TargetPlatform
[2016.06.15-21.42.45:018][  0]LogTemp:Display: Loaded TP Android_MultiTargetPlatform
[2016.06.15-21.42.45:018][  0]LogTemp:Display: Loaded TP Android_PVRTCTargetPlatform
[2016.06.15-21.42.45:019][  0]LogTemp:Display: Loaded TP HTML5TargetPlatform
[2016.06.15-21.42.45:043][  0]LogTemp:Display: Loaded TP IOSTargetPlatform
[2016.06.15-21.42.45:054][  0]LogTemp:Display: Loaded TP TVOSTargetPlatform
[2016.06.15-21.42.45:065][  0]LogTemp:Display: Loaded TP LinuxNoEditorTargetPlatform
[2016.06.15-21.42.45:077][  0]LogTemp:Display: Loaded TP LinuxServerTargetPlatform
[2016.06.15-21.42.45:088][  0]LogTemp:Display: Loaded TP LinuxTargetPlatform
[2016.06.15-21.42.45:088][  0]LogTargetPlatformManager:Display: Building Assets For Windows
[2016.06.15-21.42.45:167][  0]LogDerivedDataCache:Display: Max Cache Size: 512 MB
[2016.06.15-21.42.45:248][  0]LogDerivedDataCache: Loaded boot cache 0.08s 48MB C:/Users/Z600/AppData/Local/UnrealEngine/4.12/DerivedDataCache/Boot.ddc.
[2016.06.15-21.42.45:248][  0]LogDerivedDataCache:Display: Loaded Boot cache: C:/Users/Z600/AppData/Local/UnrealEngine/4.12/DerivedDataCache/Boot.ddc
[2016.06.15-21.42.45:248][  0]LogDerivedDataCache: FDerivedDataBackendGraph:  Pak pak cache file ../../../../../../UnrealProjects/MechProj2_4-12/MechProject2_4122/DerivedDataCache/DDC.ddp not found, will not use a pak cache.
[2016.06.15-21.42.45:248][  0]LogDerivedDataCache: Unable to find inner node Pak for hierarchical cache Hierarchy.
[2016.06.15-21.42.45:248][  0]LogDerivedDataCache: FDerivedDataBackendGraph:  CompressedPak pak cache file ../../../../../../UnrealProjects/MechProj2_4-12/MechProject2_4122/DerivedDataCache/Compressed.ddp not found, will not use a pak cache.
[2016.06.15-21.42.45:248][  0]LogDerivedDataCache: Unable to find inner node CompressedPak for hierarchical cache Hierarchy.
[2016.06.15-21.42.45:290][  0]LogDerivedDataCache:Display: Pak cache opened for reading ../../../Engine/DerivedDataCache/Compressed.ddp.
[2016.06.15-21.42.45:301][  0]LogDerivedDataCache: Using Local data cache path C:/Users/Z600/AppData/Local/UnrealEngine/Common/DerivedDataCache: Writable
[2016.06.15-21.42.45:590][  0]LogInit: Selected Device Profile: [Windows]
[2016.06.15-21.42.45:591][  0]LogContentStreaming: Texture pool size is 0.00 MB
[2016.06.15-21.42.45:840][  0]LogMeshUtilities: No automatic mesh reduction module available
[2016.06.15-21.42.45:840][  0]LogMeshUtilities: No automatic mesh merging module available
[2016.06.15-21.42.45:840][  0]LogMeshUtilities: No distributed automatic mesh merging module available
[2016.06.15-21.42.46:195][  0]LogAssetRegistry: FAssetRegistry took 0.0204 seconds to start up
[2016.06.15-21.42.46:247][  0]LogPackageLocalizationCache: Processed 3 localized package path(s) for 2 prioritized culture(s) in 0.048552 seconds
[2016.06.15-21.42.46:254][  0]LogUObjectArray: 28739 objects as part of root set at end of initial load.
[2016.06.15-21.42.46:254][  0]LogUObjectAllocator: 5855624 out of 0 bytes used by permanent object pool.
[2016.06.15-21.42.46:254][  0]LogUObjectArray: CloseDisregardForGC: 0/0 objects in disregard for GC pool
[2016.06.15-21.42.46:261][  0]LogInit: WinSock: version 1.1 (2.2), MaxSocks=32767, MaxUdp=65467
[2016.06.15-21.42.46:563][  0]LogSlate: SlateFontCache - WITH_FREETYPE: 1, WITH_HARFBUZZ: 1
[2016.06.15-21.42.46:563][  0]LogSlate: SlateFontCache - WITH_FREETYPE: 1, WITH_HARFBUZZ: 1
[2016.06.15-21.42.47:476][  0]LogUdpMessaging: Initializing bridge on interface 0.0.0.0:0 to multicast group 230.0.0.1:6666.
[2016.06.15-21.42.47:740][  0]SourceControl: Info Source control is disabled
[2016.06.15-21.42.47:741][  0]SourceControl: Info Source control is disabled
[2016.06.15-21.42.47:749][  0]SourceControl: Info Source control is disabled
[2016.06.15-21.42.47:757][  0]SourceControl: Info Source control is disabled
[2016.06.15-21.42.47:994][  0]LogEngine: Initializing Engine...
[2016.06.15-21.42.47:995][  0]LogHMD: SteamVR failed to initialize.  Err: 110
[2016.06.15-21.42.47:996][  0]LogHMD: SteamVR failed to initialize.  Err: 110
[2016.06.15-21.42.48:217][  0]LogAIModule: Creating AISystem for world NewWorld
[2016.06.15-21.42.48:222][  0]LogInit: XAudio2 using 'Speakers (Realtek High Definition Audio)' : 2 channels at 48 kHz using 32 bits per sample (channel mask 0x3)
[2016.06.15-21.42.48:237][  0]LogInit: FAudioDevice initialized.
[2016.06.15-21.42.48:281][  0]LogDerivedDataCache: Saved boot cache 0.04s 48MB C:/Users/Z600/AppData/Local/UnrealEngine/4.12/DerivedDataCache/Boot.ddc.
[2016.06.15-21.42.48:291][  0]LogInit: Texture streaming: Enabled
[2016.06.15-21.42.48:322][  0]LogInit: Transaction tracking system initialized
[2016.06.15-21.42.48:353][  0]BlueprintLog: New page: Editor Load
[2016.06.15-21.42.48:428][  0]LocalizationService: Info Localization service is disabled
[2016.06.15-21.42.48:493][  0]LogConsoleResponse:Display: 
[2016.06.15-21.42.48:628][  0]LogCook:Display: Max memory allowance for cook 8192mb
[2016.06.15-21.42.48:628][  0]LogCook:Display: Mobile HDR setting 1
[2016.06.15-21.42.48:724][  0]LogFileCache: Scanning file cache for directory 'F:/UnrealProjects/MechProj2_4-12/MechProject2_4122/Content/' took 0.02s
[2016.06.15-21.42.48:725][  0]SourceControl: Info Source control is disabled
[2016.06.15-21.42.48:725][  0]Cmd: MAP LOAD FILE="../../../../../../UnrealProjects/MechProj2_4-12/MechProject2_4122/Content/ThirdPersonBP/Maps/AiTest.umap" TEMPLATE=0 SHOWPROGRESS=1 FEATURELEVEL=3
[2016.06.15-21.42.48:726][  0]LightingResults: New page: Lighting Build
[2016.06.15-21.42.48:728][  0]MapCheck: New page: Map Check
[2016.06.15-21.42.48:728][  0]LightingResults: New page: Lighting Build
[2016.06.15-21.42.49:119][  0]LogProperty:Error: UStructProperty::Serialize Loading: Property 'StructProperty /Game/MechaInsurgent/MechaInsurgent/Gun/UI_Debug_WeaponInventoryItem.UI_Debug_WeaponInventoryItem_C:ExecuteUbergraph_UI_Debug_WeaponInventoryItem.CallFunc_Array_Get_Item'. Unknown structure.
[2016.06.15-21.42.53:710][  0]LogAIModule: Creating AISystem for world AiTest
[2016.06.15-21.42.53:720][  0]LogSkeletalMesh: UPhysicsAssetInstance::InitInstance : Could not find root physics body: Kriss_TP
[2016.06.15-21.42.53:726][  0]LogSkeletalMesh: UPhysicsAssetInstance::InitInstance : Could not find root physics body: Kriss_TP
[2016.06.15-21.42.53:731][  0]LogSkeletalMesh: UPhysicsAssetInstance::InitInstance : Could not find root physics body: Kriss_TP
[2016.06.15-21.42.53:738][  0]LogSkeletalMesh: UPhysicsAssetInstance::InitInstance : Could not find root physics body: Kriss_TP
[2016.06.15-21.42.53:742][  0]LogSkeletalMesh: UPhysicsAssetInstance::InitInstance : Could not find root physics body: Kriss_TP
[2016.06.15-21.42.53:748][  0]LogSkeletalMesh: UPhysicsAssetInstance::InitInstance : Could not find root physics body: Kriss_TP
[2016.06.15-21.42.53:751][  0]LogSkeletalMesh: UPhysicsAssetInstance::InitInstance : Could not find root physics body: Kriss_TP
[2016.06.15-21.42.53:757][  0]LogSkeletalMesh: UPhysicsAssetInstance::InitInstance : Could not find root physics body: Kriss_TP
[2016.06.15-21.42.53:761][  0]LogSkeletalMesh: UPhysicsAssetInstance::InitInstance : Could not find root physics body: Kriss_TP
[2016.06.15-21.42.53:765][  0]LogEditorServer: Finished looking for orphan Actors (0.000 secs)
[2016.06.15-21.42.53:766][  0]Cmd: MAP CHECKDEP NOCLEARLOG
[2016.06.15-21.42.53:848][  0]MapCheck: Info Map check complete: 0 Error(s), 0 Warning(s), took 82.611ms to complete.
[2016.06.15-21.42.53:848][  0]LogFileHelpers: Loading map 'AiTest' took 5.124
[2016.06.15-21.42.54:051][  0]LogCollectionManager: Loaded 1 collections in 0.001846 seconds
[2016.06.15-21.42.54:094][  0]LogFileCache: Scanning file cache for directory 'F:/UnrealProjects/MechProj2_4-12/MechProject2_4122/Saved/Collections/' took 0.01s
[2016.06.15-21.42.54:094][  0]LogFileCache: Scanning file cache for directory 'F:/UnrealProjects/MechProj2_4-12/MechProject2_4122/Content/Developers/Z600/Collections/' took 0.01s
[2016.06.15-21.42.54:094][  0]LogFileCache: Scanning file cache for directory 'F:/UnrealProjects/MechProj2_4-12/MechProject2_4122/Content/Collections/' took 0.01s
[2016.06.15-21.42.54:094][  0]LogCollectionManager: Rebuilt the GUID cache for 1 collections in 0.000007 seconds
[2016.06.15-21.42.54:094][  0]LogCollectionManager: Rebuilt the hierarchy cache for 1 collections in 0.000000 seconds
[2016.06.15-21.42.54:108][  0]LogContentBrowser: Native class hierarchy populated in 0.0138 seconds. Added 2048 classes and 372 folders.
[2016.06.15-21.42.54:112][  0]LogStats: UGameplayTagsManager::ConstructGameplayTagTree: Construct from data asset -  0.000 s
[2016.06.15-21.42.54:112][  0]LogStats: UGameplayTagsManager::ConstructGameplayTagTree: GameplayTagTreeChangedEvent.Broadcast -  0.000 s
[2016.06.15-21.42.54:113][  0]LogContentBrowser: Native class hierarchy updated for 'GameplayTags' in 0.0006 seconds. Added 12 classes and 0 folders.
[2016.06.15-21.42.54:118][  0]LogContentBrowser: Native class hierarchy updated for 'WidgetCarousel' in 0.0004 seconds. Added 0 classes and 0 folders.
[2016.06.15-21.42.54:169][  0]LogContentBrowser: Native class hierarchy updated for 'AddContentDialog' in 0.0006 seconds. Added 0 classes and 0 folders.
[2016.06.15-21.42.54:173][  0]LogContentBrowser: Native class hierarchy updated for 'SceneOutliner' in 0.0004 seconds. Added 1 classes and 2 folders.
[2016.06.15-21.42.54:295][  0]LogCrashTracker: Crashtracker disabled due to settings.
[2016.06.15-21.42.54:304][  0]LogUObjectGlobals:Warning: Failed to find object 'Class None.'
[2016.06.15-21.42.54:329][  0]LogContentBrowser: Native class hierarchy updated for 'HierarchicalLODOutliner' in 0.0006 seconds. Added 1 classes and 2 folders.
[2016.06.15-21.42.54:329][  0]LogLoad: Full Startup: 12.63 seconds (BP compile: 1.61 seconds)
[2016.06.15-21.42.54:329][  0]LogExternalProfiler: No external profilers were discovered.  External profiling features will not be available.
[2016.06.15-21.42.54:340][  0]LogOcInput: OculusInput pre-init called
[2016.06.15-21.42.54:360][  0]LogContentStreaming: Texture pool size now 1000 MB
[2016.06.15-21.42.54:558][  0]LogRenderer: Reallocating scene render targets to support 1208x452 (Frame:2).
[2016.06.15-21.42.55:392][  3]LogAssetRegistry: Asset discovery search completed in 9.2180 seconds
[2016.06.15-21.42.55:392][  3]LogCollectionManager: Rebuilt the object cache for 1 collections in 0.000061 seconds (found 0 objects)
[2016.06.15-21.42.55:392][  3]LogCollectionManager: Fixed up redirectors for 1 collections in 0.000126 seconds (updated 0 objects)
[2016.06.16-01.24.41:107][166]LogBlueprintUserMessages: Early PlayInEditor Detection: Level '/Game/ThirdPersonBP/Maps/AiTest.AiTest:PersistentLevel' has LevelScriptBlueprint '/Game/ThirdPersonBP/Maps/AiTest.AiTest:PersistentLevel.AiTest' with GeneratedClass '/Game/ThirdPersonBP/Maps/AiTest.AiTest_C' with ClassGeneratedBy '/Game/ThirdPersonBP/Maps/AiTest.AiTest:PersistentLevel.AiTest'
[2016.06.16-01.24.41:107][166]LogPlayLevel: PlayLevel: No blueprints needed recompiling
[2016.06.16-01.24.41:195][166]PIE: New page: PIE session: AiTest (Jun 15, 2016, 4:24:41 PM)
[2016.06.16-01.24.41:196][166]LogPlayLevel: Creating play world package: /Game/ThirdPersonBP/Maps/UEDPIE_0_AiTest
[2016.06.16-01.24.41:259][166]LogPlayLevel: PIE: StaticDuplicateObject took: (0.063105s)
[2016.06.16-01.24.41:260][166]LogAIModule: Creating AISystem for world AiTest
[2016.06.16-01.24.41:260][166]LogPlayLevel: PIE: World Init took: (0.001307s)
[2016.06.16-01.24.41:261][166]LogPlayLevel: PIE: Created PIE world by copying editor world from /Game/ThirdPersonBP/Maps/AiTest.AiTest to /Game/ThirdPersonBP/Maps/UEDPIE_0_AiTest.AiTest (0.064956s)
[2016.06.16-01.24.41:458][166]LogInit: XAudio2 using 'Speakers (Realtek High Definition Audio)' : 2 channels at 48 kHz using 32 bits per sample (channel mask 0x3)
[2016.06.16-01.24.41:470][166]LogInit: FAudioDevice initialized.
[2016.06.16-01.24.41:568][166]LogWorld: Game class is 'MechGame_C'
[2016.06.16-01.24.41:618][166]LogWorld: Bringing World /Game/ThirdPersonBP/Maps/UEDPIE_0_AiTest.AiTest up for play (max tick rate 0) at 2016.06.15-21.24.41
[2016.06.16-01.24.41:623][166]LogWorld: Bringing up level for play took: 0.029497
[2016.06.16-01.24.41:653][166]LogSpawn:Warning: SpawnActor failed because no class was specified
[2016.06.16-01.24.41:696][166]LogContentBrowser: Native class hierarchy updated for 'MovieSceneCapture' in 0.0010 seconds. Added 11 classes and 0 folders.
[2016.06.16-01.24.41:802][166]PIE: Info Play in editor start time for /Game/ThirdPersonBP/Maps/UEDPIE_0_AiTest 0.905
[2016.06.16-01.24.41:802][166]LogBlueprintUserMessages: Late PlayInEditor Detection: Level '/Game/ThirdPersonBP/Maps/AiTest.AiTest:PersistentLevel' has LevelScriptBlueprint '/Game/ThirdPersonBP/Maps/AiTest.AiTest:PersistentLevel.AiTest' with GeneratedClass '/Game/ThirdPersonBP/Maps/AiTest.AiTest_C' with ClassGeneratedBy '/Game/ThirdPersonBP/Maps/AiTest.AiTest:PersistentLevel.AiTest'
[2016.06.16-01.24.41:864][166]LogRenderer: Reallocating scene render targets to support 1612x936 (Frame:56).
[2016.06.16-01.24.45:496][327]LogBlueprintUserMessages: [MechCharacter12_C_0] Hacking:Complete
[2016.06.16-01.24.47:837][486]LogBlueprintUserMessages: [MechCharacter12_C_0] RightOn
[2016.06.16-01.24.47:838][486]LogBlueprintUserMessages: [MechCharacter12_C_0] WallRunSphereCollision
[2016.06.16-01.24.49:011][563]LogBlueprintUserMessages: [MechCharacter12_C_0] RightOff
[2016.06.16-01.24.49:059][566]LogBlueprintUserMessages: [MechCharacter12_C_0] WallRunSphereEndCollision
[2016.06.16-01.24.50:017][629]LogBlueprintUserMessages: Early EndPlayMap Detection: Level '/Game/ThirdPersonBP/Maps/AiTest.AiTest:PersistentLevel' has LevelScriptBlueprint '/Game/ThirdPersonBP/Maps/AiTest.AiTest:PersistentLevel.AiTest' with GeneratedClass '/Game/ThirdPersonBP/Maps/AiTest.AiTest_C' with ClassGeneratedBy '/Game/ThirdPersonBP/Maps/AiTest.AiTest:PersistentLevel.AiTest'
[2016.06.16-01.24.50:386][629]LogBlueprintUserMessages: Late EndPlayMap Detection: Level '/Game/ThirdPersonBP/Maps/AiTest.AiTest:PersistentLevel' has LevelScriptBlueprint '/Game/ThirdPersonBP/Maps/AiTest.AiTest:PersistentLevel.AiTest' with GeneratedClass '/Game/ThirdPersonBP/Maps/AiTest.AiTest_C' with ClassGeneratedBy '/Game/ThirdPersonBP/Maps/AiTest.AiTest:PersistentLevel.AiTest'
[2016.06.16-01.24.51:109][701]LogBlueprintUserMessages: Early PlayInEditor Detection: Level '/Game/ThirdPersonBP/Maps/AiTest.AiTest:PersistentLevel' has LevelScriptBlueprint '/Game/ThirdPersonBP/Maps/AiTest.AiTest:PersistentLevel.AiTest' with GeneratedClass '/Game/ThirdPersonBP/Maps/AiTest.AiTest_C' with ClassGeneratedBy '/Game/ThirdPersonBP/Maps/AiTest.AiTest:PersistentLevel.AiTest'
[2016.06.16-01.24.51:109][701]LogPlayLevel: PlayLevel: No blueprints needed recompiling
[2016.06.16-01.24.51:109][701]PIE: New page: PIE session: AiTest (Jun 15, 2016, 4:24:51 PM)
[2016.06.16-01.24.51:110][701]LogPlayLevel: Creating play world package: /Game/ThirdPersonBP/Maps/UEDPIE_0_AiTest
[2016.06.16-01.24.51:123][701]LogPlayLevel: PIE: StaticDuplicateObject took: (0.013430s)
[2016.06.16-01.24.51:124][701]LogAIModule: Creating AISystem for world AiTest
[2016.06.16-01.24.51:124][701]LogPlayLevel: PIE: World Init took: (0.000862s)
[2016.06.16-01.24.51:124][701]LogPlayLevel: PIE: Created PIE world by copying editor world from /Game/ThirdPersonBP/Maps/AiTest.AiTest to /Game/ThirdPersonBP/Maps/UEDPIE_0_AiTest.AiTest (0.014573s)
[2016.06.16-01.24.51:144][701]LogInit: XAudio2 using 'Speakers (Realtek High Definition Audio)' : 2 channels at 48 kHz using 32 bits per sample (channel mask 0x3)
[2016.06.16-01.24.51:156][701]LogInit: FAudioDevice initialized.
[2016.06.16-01.24.51:215][701]LogWorld: Game class is 'MechGame_C'
[2016.06.16-01.24.51:234][701]LogWorld: Bringing World /Game/ThirdPersonBP/Maps/UEDPIE_0_AiTest.AiTest up for play (max tick rate 0) at 2016.06.15-21.24.51
[2016.06.16-01.24.51:237][701]LogWorld: Bringing up level for play took: 0.019631
[2016.06.16-01.24.51:238][701]LogSpawn:Warning: SpawnActor failed because no class was specified
[2016.06.16-01.24.51:319][701]PIE: Info Play in editor start time for /Game/ThirdPersonBP/Maps/UEDPIE_0_AiTest 0.421
[2016.06.16-01.24.51:319][701]LogBlueprintUserMessages: Late PlayInEditor Detection: Level '/Game/ThirdPersonBP/Maps/AiTest.AiTest:PersistentLevel' has LevelScriptBlueprint '/Game/ThirdPersonBP/Maps/AiTest.AiTest:PersistentLevel.AiTest' with GeneratedClass '/Game/ThirdPersonBP/Maps/AiTest.AiTest_C' with ClassGeneratedBy '/Game/ThirdPersonBP/Maps/AiTest.AiTest:PersistentLevel.AiTest'
[2016.06.16-01.24.54:736][911]LogBlueprintUserMessages: [MechCharacter12_C_0] Hacking:Complete
[2016.06.16-01.24.57:564][106]LogBlueprintUserMessages: [MechCharacter12_C_0] leftOn
[2016.06.16-01.24.57:581][107]LogBlueprintUserMessages: [MechCharacter12_C_0] WallRunSphereCollision
[2016.06.16-01.24.59:011][198]LogBlueprintUserMessages: [MechCharacter12_C_0] LeftOff
[2016.06.16-01.24.59:012][198]LogBlueprintUserMessages: [MechCharacter14] WallRunSphereCollision
[2016.06.16-01.24.59:012][198]LogBlueprintUserMessages: [MechCharacter13] WallRunSphereCollision
[2016.06.16-01.24.59:072][202]LogBlueprintUserMessages: [MechCharacter12_C_0] WallRunSphereEndCollision
[2016.06.16-01.24.59:845][245]LogBlueprintUserMessages: [MechCharacter13] WallRunSphereEndCollision
[2016.06.16-01.24.59:845][245]LogBlueprintUserMessages: [MechCharacter14] WallRunSphereEndCollision
[2016.06.16-01.25.03:160][454]LogBlueprintUserMessages: [MechCharacter12_C_0] RightOn
[2016.06.16-01.25.03:176][455]LogBlueprintUserMessages: [MechCharacter12_C_0] WallRunSphereCollision
[2016.06.16-01.25.03:904][504]LogBlueprintUserMessages: [MechCharacter12_C_0] RightOff
[2016.06.16-01.25.03:920][505]LogBlueprintUserMessages: [MechCharacter12_C_0] WallRunSphereEndCollision
[2016.06.16-01.25.07:026][713]LogBlueprintUserMessages: [MechCharacter12_C_0] RightOn
[2016.06.16-01.25.07:040][714]LogBlueprintUserMessages: [MechCharacter12_C_0] WallRunSphereCollision
[2016.06.16-01.25.07:424][739]LogBlueprintUserMessages: [MechCharacter12_C_0] RightOff
[2016.06.16-01.25.07:714][758]LogBlueprintUserMessages: [MechCharacter12_C_0] WallRunSphereEndCollision
[2016.06.16-01.25.11:192][988]LogBlueprintUserMessages: [MechCharacter12_C_0] leftOn
[2016.06.16-01.25.11:221][990]LogBlueprintUserMessages: [MechCharacter12_C_0] WallRunSphereCollision
[2016.06.16-01.25.12:267][ 58]LogBlueprintUserMessages: [MechCharacter12_C_0] LeftOff
[2016.06.16-01.25.12:327][ 62]LogBlueprintUserMessages: [MechCharacter12_C_0] WallRunSphereEndCollision
[2016.06.16-01.25.15:210][251]LogBlueprintUserMessages: [MechCharacter12_C_0] RightOn
[2016.06.16-01.25.15:210][251]LogBlueprintUserMessages: [MechCharacter12_C_0] WallRunSphereCollision
[2016.06.16-01.25.15:979][301]LogBlueprintUserMessages: [MechCharacter12_C_0] RightOff
[2016.06.16-01.25.16:043][305]LogBlueprintUserMessages: [MechCharacter12_C_0] WallRunSphereEndCollision
[2016.06.16-01.25.22:270][717]LogBlueprintUserMessages: Early EndPlayMap Detection: Level '/Game/ThirdPersonBP/Maps/AiTest.AiTest:PersistentLevel' has LevelScriptBlueprint '/Game/ThirdPersonBP/Maps/AiTest.AiTest:PersistentLevel.AiTest' with GeneratedClass '/Game/ThirdPersonBP/Maps/AiTest.AiTest_C' with ClassGeneratedBy '/Game/ThirdPersonBP/Maps/AiTest.AiTest:PersistentLevel.AiTest'
[2016.06.16-01.25.22:353][717]LogBlueprintUserMessages: Late EndPlayMap Detection: Level '/Game/ThirdPersonBP/Maps/AiTest.AiTest:PersistentLevel' has LevelScriptBlueprint '/Game/ThirdPersonBP/Maps/AiTest.AiTest:PersistentLevel.AiTest' with GeneratedClass '/Game/ThirdPersonBP/Maps/AiTest.AiTest_C' with ClassGeneratedBy '/Game/ThirdPersonBP/Maps/AiTest.AiTest:PersistentLevel.AiTest'
[2016.06.16-01.25.24:773][916]LogLinker:Error: Function_7321 has an inappropriate outermost, it was probably saved with a deprecated outer (file: ../../../../../../UnrealProjects/MechProj2_4-12/MechProject2_4122/Content/MechaInsurgent/MechaInsurgent/Character/MechCharacter13.uasset)
[2016.06.16-01.25.24:773][916]LogLinker:Error: Function_7322 has an inappropriate outermost, it was probably saved with a deprecated outer (file: ../../../../../../UnrealProjects/MechProj2_4-12/MechProject2_4122/Content/MechaInsurgent/MechaInsurgent/Character/MechCharacter13.uasset)
[2016.06.16-01.25.24:807][916]LogWindows: Windows GetLastError: The operation completed successfully. (0)
[2016.06.16-01.25.31:980][916]LogCrashTracker: 


[2016.06.16-01.25.31:980][916]LogCrashTracker: 


[2016.06.16-01.25.31:980][916]LogWindows:Error: === Critical error: ===
Assertion failed: IsImport() [File:D:\Build\++UE4+Release-4.12+Compile\Sync\Engine\Source\Runtime\CoreUObject\Public\UObject\Linker.h] [Line: 62] 





[2016.06.16-01.25.32:049][916]LogExit: Executing StaticShutdownAfterError
[2016.06.16-01.25.32:066][916]LogWindows: FPlatformMisc::RequestExit(1)
[2016.06.16-01.25.32:066][916]Log file closed, 06/15/16 21:25:32
