Log file open, 06/19/16 12:33:09
LogInit:Display: Running engine for game: MechProject2_4122
LogPlatformFile: Not using cached read wrapper
LogInit:Display: RandInit(-234186395) SRandInit(-234186394).
LogTaskGraph: Started task graph with 4 named threads and 11 total threads with 1 sets of task threads.
LogStats: Stats thread started at 0.117442
LogInit: Version: 4.12.3-3013449+++UE4+Release-4.12
LogInit: API Version: 2992821
LogInit: Net Version: 3013449
LogDevObjectVersion: Number of dev versions registered: 13
LogDevObjectVersion:   Dev-Blueprints (B0D832E4-1F89-4F0D-ACCF-7EB736FD4AA2): 3
LogDevObjectVersion:   Dev-Build (E1C64328-A22C-4D53-A36C-8E866417BD8C): 0
LogDevObjectVersion:   Dev-Core (375EC13C-06E4-48FB-B500-84F0262A717E): 1
LogDevObjectVersion:   Dev-Editor (E4B068ED-F494-42E9-A231-DA0B2E46BB41): 2
LogDevObjectVersion:   Dev-Framework (CFFC743F-43B0-4480-9391-14DF171D2073): 6
LogDevObjectVersion:   Dev-Mobile (B02B49B5-BB20-44E9-A304-32B752E40360): 0
LogDevObjectVersion:   Dev-Networking (A4E4105C-59A1-49B5-A7C5-40C4547EDFEE): 0
LogDevObjectVersion:   Dev-Online (39C831C9-5AE6-47DC-9A44-9C173E1C8E7C): 0
LogDevObjectVersion:   Dev-Physics (78F01B33-EBEA-4F98-B9B4-84EACCB95AA2): 0
LogDevObjectVersion:   Dev-Platform (6631380F-2D4D-43E0-8009-CF276956A95A): 0
LogDevObjectVersion:   Dev-Rendering (12F88B9F-8875-4AFC-A67C-D90C383ABD29): 2
LogDevObjectVersion:   Dev-Sequencer (7B5AE74C-D270-4C10-A958-57980B212A5A): 0
LogDevObjectVersion:   Dev-VR (D7296918-1DD6-4BDD-9DE2-64A83CC13884): 0
LogInit: Compiled (64-bit): Jun 14 2016 17:53:16
LogInit: Compiled with Visual C++: 19.00.23026.00
LogInit: Build Configuration: Development
LogInit: Branch Name: ++UE4+Release-4.12
LogInit: Command line: -EpicPortal 
LogInit: Base directory: F:/Programs/Epic Games/4.12/Engine/Binaries/Win64/
LogInit: Installed Engine Build: 1
LogInit: Using libcurl 7.41.0
LogInit:  - built for x86_64-pc-win32
LogInit:  - supports SSL with WinSSL
LogInit:  - other features:
LogInit:      CURL_VERSION_SSL
LogInit:      CURL_VERSION_IPV6
LogInit:      CURL_VERSION_ASYNCHDNS
LogInit:      CURL_VERSION_LARGEFILE
LogInit:      CURL_VERSION_IDN
LogInit:  CurlRequestOptions (configurable via config and command line):
LogInit:  - bVerifyPeer = true  - Libcurl will verify peer certificate
LogInit:  - bUseHttpProxy = false  - Libcurl will NOT use HTTP proxy
LogInit:  - bDontReuseConnections = false  - Libcurl will reuse connections
LogInit:  - CertBundlePath = nullptr  - Libcurl will use whatever was configured at build time.
LogInit: Presizing for max 8388607 objects, including 0 objects not considered by GC, pre-allocating 0 bytes for permanent pool.
LogInit: Object subsystem initialized
[2016.06.19-16.33.09:899][  0]LogInit: Selected Device Profile: [Windows]
[2016.06.19-16.33.09:899][  0]LogInit: Applying CVar settings loaded from the selected device profile: [Windows]
[2016.06.19-16.33.09:920][  0]LogInit: Computer: Z600-PC
[2016.06.19-16.33.09:920][  0]LogInit: User: Z600
[2016.06.19-16.33.09:920][  0]LogInit: CPU Page size=65536, Cores=8
[2016.06.19-16.33.09:920][  0]LogInit: High frequency timer resolution =2.597685 MHz
[2016.06.19-16.33.09:920][  0]LogMemory: Memory total: Physical=12.0GB (12GB approx)
[2016.06.19-16.33.09:920][  0]LogMemory: Platform Memory Stats for Windows
[2016.06.19-16.33.09:920][  0]LogMemory: Process Physical Memory: 192.25 MB used, 192.25 MB peak
[2016.06.19-16.33.09:920][  0]LogMemory: Process Virtual Memory: 197.18 MB used, 197.18 MB peak
[2016.06.19-16.33.09:920][  0]LogMemory: Physical Memory: 5971.86 MB used, 12271.22 MB total
[2016.06.19-16.33.09:920][  0]LogMemory: Virtual Memory: 522.54 MB used, 8388608.00 MB total
[2016.06.19-16.33.09:962][  0]LogTextLocalizationManager: No specific translations for ('en-US') exist, so ('en') translations will be used.
[2016.06.19-16.33.10:501][  0]LogD3D11RHI: D3D11 adapters:
[2016.06.19-16.33.10:522][  0]LogD3D11RHI:    0. 'NVIDIA GeForce GTX 750 Ti' (Feature Level 11_0)
[2016.06.19-16.33.10:522][  0]LogD3D11RHI:       1992/0/2048 MB DedicatedVideo/DedicatedSystem/SharedSystem, Outputs:2, VendorId:0x10de
[2016.06.19-16.33.10:522][  0]LogD3D11RHI: Chosen D3D11 Adapter: 0
[2016.06.19-16.33.10:528][  0]LogD3D11RHI: Creating new Direct3DDevice
[2016.06.19-16.33.10:528][  0]LogD3D11RHI:     GPU DeviceId: 0x1380 (for the marketing name, search the web for "GPU Device Id")
[2016.06.19-16.33.10:528][  0]LogWindows: EnumDisplayDevices:
[2016.06.19-16.33.10:528][  0]LogWindows:    0. 'NVIDIA GeForce GTX 750 Ti' (P:1 D:1)
[2016.06.19-16.33.10:528][  0]LogWindows:    1. 'NVIDIA GeForce GTX 750 Ti' (P:0 D:1)
[2016.06.19-16.33.10:529][  0]LogWindows:    2. 'NVIDIA GeForce GTX 750 Ti' (P:0 D:0)
[2016.06.19-16.33.10:529][  0]LogWindows:    3. 'NVIDIA GeForce GTX 750 Ti' (P:0 D:0)
[2016.06.19-16.33.10:529][  0]LogWindows:    4. 'RDPDD Chained DD' (P:0 D:0)
[2016.06.19-16.33.10:529][  0]LogWindows:    5. 'RDP Encoder Mirror Driver' (P:0 D:0)
[2016.06.19-16.33.10:529][  0]LogWindows:    6. 'RDP Reflector Display Driver' (P:0 D:0)
[2016.06.19-16.33.10:529][  0]LogWindows: DebugString: GetVideoDriverDetailsInvalid PrimaryIsNotTheChoosenAdapter GetVideoDriverDetailsInvalid PrimaryIsNotTheChoosenAdapter GetVideoDriverDetailsInvalid PrimaryIsNotTheChoosenAdapter FoundDriverCount:4 
[2016.06.19-16.33.10:529][  0]LogD3D11RHI:     Adapter Name: NVIDIA GeForce GTX 750 Ti
[2016.06.19-16.33.10:529][  0]LogD3D11RHI:   Driver Version: 361.43 (internal:10.18.13.6143, unified:361.43)
[2016.06.19-16.33.10:529][  0]LogD3D11RHI:      Driver Date: 12-16-2015
[2016.06.19-16.33.10:529][  0]LogRHI: Texture pool is 1361 MB (70% of 1945 MB)
[2016.06.19-16.33.10:543][  0]LogD3D11RHI: Async texture creation enabled
[2016.06.19-16.33.10:559][  0]LogD3D11RHI: GPU Timing Frequency: 1000.000000 (Debug: 2 2)
[2016.06.19-16.33.10:559][  0]LogShaderCompilers: Guid format shader working directory is -20 characters bigger than the processId version (../../../../../../UnrealProjects/MechProj2_4-12/MechProject2_4122/Intermediate/Shaders/WorkingDirectory/6364/).
[2016.06.19-16.33.10:560][  0]LogShaderCompilers: Cleaned the shader compiler working directory 'C:/Users/Z600/AppData/Local/Temp/UnrealShaderWorkingDir/6803CAD1424DB57032E708A578077A73/'.
[2016.06.19-16.33.10:560][  0]LogShaderCompilers:Display: Using Local Shader Compiler.
[2016.06.19-16.33.11:833][  0]LogTemp:Display: Loaded TP AllDesktopTargetPlatform
[2016.06.19-16.33.11:846][  0]LogTemp:Display: Loaded TP WindowsClientTargetPlatform
[2016.06.19-16.33.11:859][  0]LogTemp:Display: Loaded TP WindowsNoEditorTargetPlatform
[2016.06.19-16.33.11:872][  0]LogTemp:Display: Loaded TP WindowsServerTargetPlatform
[2016.06.19-16.33.11:886][  0]LogTemp:Display: Loaded TP WindowsTargetPlatform
[2016.06.19-16.33.11:898][  0]LogTemp:Display: Loaded TP AndroidTargetPlatform
[2016.06.19-16.33.11:910][  0]LogTemp:Display: Loaded TP Android_ASTCTargetPlatform
[2016.06.19-16.33.11:921][  0]LogTemp:Display: Loaded TP Android_ATCTargetPlatform
[2016.06.19-16.33.11:939][  0]LogTemp:Display: Loaded TP Android_DXTTargetPlatform
[2016.06.19-16.33.11:955][  0]LogTemp:Display: Loaded TP Android_ETC1TargetPlatform
[2016.06.19-16.33.11:966][  0]LogTemp:Display: Loaded TP Android_ETC2TargetPlatform
[2016.06.19-16.33.11:989][  0]LogTemp:Display: Loaded TP Android_MultiTargetPlatform
[2016.06.19-16.33.11:989][  0]LogTemp:Display: Loaded TP Android_PVRTCTargetPlatform
[2016.06.19-16.33.11:990][  0]LogTemp:Display: Loaded TP HTML5TargetPlatform
[2016.06.19-16.33.12:015][  0]LogTemp:Display: Loaded TP IOSTargetPlatform
[2016.06.19-16.33.12:026][  0]LogTemp:Display: Loaded TP TVOSTargetPlatform
[2016.06.19-16.33.12:037][  0]LogTemp:Display: Loaded TP LinuxNoEditorTargetPlatform
[2016.06.19-16.33.12:048][  0]LogTemp:Display: Loaded TP LinuxServerTargetPlatform
[2016.06.19-16.33.12:059][  0]LogTemp:Display: Loaded TP LinuxTargetPlatform
[2016.06.19-16.33.12:059][  0]LogTargetPlatformManager:Display: Building Assets For Windows
[2016.06.19-16.33.12:141][  0]LogDerivedDataCache:Display: Max Cache Size: 512 MB
[2016.06.19-16.33.12:228][  0]LogDerivedDataCache: Loaded boot cache 0.08s 48MB C:/Users/Z600/AppData/Local/UnrealEngine/4.12/DerivedDataCache/Boot.ddc.
[2016.06.19-16.33.12:228][  0]LogDerivedDataCache:Display: Loaded Boot cache: C:/Users/Z600/AppData/Local/UnrealEngine/4.12/DerivedDataCache/Boot.ddc
[2016.06.19-16.33.12:228][  0]LogDerivedDataCache: FDerivedDataBackendGraph:  Pak pak cache file ../../../../../../UnrealProjects/MechProj2_4-12/MechProject2_4122/DerivedDataCache/DDC.ddp not found, will not use a pak cache.
[2016.06.19-16.33.12:228][  0]LogDerivedDataCache: Unable to find inner node Pak for hierarchical cache Hierarchy.
[2016.06.19-16.33.12:228][  0]LogDerivedDataCache: FDerivedDataBackendGraph:  CompressedPak pak cache file ../../../../../../UnrealProjects/MechProj2_4-12/MechProject2_4122/DerivedDataCache/Compressed.ddp not found, will not use a pak cache.
[2016.06.19-16.33.12:228][  0]LogDerivedDataCache: Unable to find inner node CompressedPak for hierarchical cache Hierarchy.
[2016.06.19-16.33.12:255][  0]LogDerivedDataCache:Display: Pak cache opened for reading ../../../Engine/DerivedDataCache/Compressed.ddp.
[2016.06.19-16.33.12:266][  0]LogDerivedDataCache: Using Local data cache path C:/Users/Z600/AppData/Local/UnrealEngine/Common/DerivedDataCache: Writable
[2016.06.19-16.33.12:558][  0]LogInit: Selected Device Profile: [Windows]
[2016.06.19-16.33.12:559][  0]LogContentStreaming: Texture pool size is 0.00 MB
[2016.06.19-16.33.12:781][  0]LogMeshUtilities: No automatic mesh reduction module available
[2016.06.19-16.33.12:781][  0]LogMeshUtilities: No automatic mesh merging module available
[2016.06.19-16.33.12:781][  0]LogMeshUtilities: No distributed automatic mesh merging module available
[2016.06.19-16.33.13:116][  0]LogAssetRegistry: FAssetRegistry took 0.0199 seconds to start up
[2016.06.19-16.33.13:166][  0]LogPackageLocalizationCache: Processed 3 localized package path(s) for 2 prioritized culture(s) in 0.046488 seconds
[2016.06.19-16.33.13:172][  0]LogUObjectArray: 28739 objects as part of root set at end of initial load.
[2016.06.19-16.33.13:172][  0]LogUObjectAllocator: 5855632 out of 0 bytes used by permanent object pool.
[2016.06.19-16.33.13:172][  0]LogUObjectArray: CloseDisregardForGC: 0/0 objects in disregard for GC pool
[2016.06.19-16.33.13:180][  0]LogInit: WinSock: version 1.1 (2.2), MaxSocks=32767, MaxUdp=65467
[2016.06.19-16.33.13:412][  0]LogSlate: SlateFontCache - WITH_FREETYPE: 1, WITH_HARFBUZZ: 1
[2016.06.19-16.33.13:412][  0]LogSlate: SlateFontCache - WITH_FREETYPE: 1, WITH_HARFBUZZ: 1
[2016.06.19-16.33.14:314][  0]LogUdpMessaging: Initializing bridge on interface 0.0.0.0:0 to multicast group 230.0.0.1:6666.
[2016.06.19-16.33.14:576][  0]SourceControl: Info Source control is disabled
[2016.06.19-16.33.14:577][  0]SourceControl: Info Source control is disabled
[2016.06.19-16.33.14:589][  0]SourceControl: Info Source control is disabled
[2016.06.19-16.33.14:598][  0]SourceControl: Info Source control is disabled
[2016.06.19-16.33.14:831][  0]LogEngine: Initializing Engine...
[2016.06.19-16.33.14:832][  0]LogHMD: SteamVR failed to initialize.  Err: 110
[2016.06.19-16.33.14:832][  0]LogHMD: SteamVR failed to initialize.  Err: 110
[2016.06.19-16.33.15:070][  0]LogAIModule: Creating AISystem for world NewWorld
[2016.06.19-16.33.15:075][  0]LogInit: XAudio2 using 'Speakers (Realtek High Definition Audio)' : 2 channels at 48 kHz using 32 bits per sample (channel mask 0x3)
[2016.06.19-16.33.15:087][  0]LogInit: FAudioDevice initialized.
[2016.06.19-16.33.15:124][  0]LogDerivedDataCache: Saved boot cache 0.04s 48MB C:/Users/Z600/AppData/Local/UnrealEngine/4.12/DerivedDataCache/Boot.ddc.
[2016.06.19-16.33.15:133][  0]LogInit: Texture streaming: Enabled
[2016.06.19-16.33.15:157][  0]LogInit: Transaction tracking system initialized
[2016.06.19-16.33.15:180][  0]BlueprintLog: New page: Editor Load
[2016.06.19-16.33.15:257][  0]LocalizationService: Info Localization service is disabled
[2016.06.19-16.33.15:318][  0]LogConsoleResponse:Display: 
[2016.06.19-16.33.15:450][  0]LogCook:Display: Max memory allowance for cook 8192mb
[2016.06.19-16.33.15:450][  0]LogCook:Display: Mobile HDR setting 1
[2016.06.19-16.33.15:554][  0]LogFileCache: Scanning file cache for directory 'F:/UnrealProjects/MechProj2_4-12/MechProject2_4122/Content/' took 0.03s
[2016.06.19-16.33.15:554][  0]SourceControl: Info Source control is disabled
[2016.06.19-16.33.15:554][  0]Cmd: MAP LOAD FILE="../../../../../../UnrealProjects/MechProj2_4-12/MechProject2_4122/Content/ThirdPersonBP/Maps/AiTest.umap" TEMPLATE=0 SHOWPROGRESS=1 FEATURELEVEL=3
[2016.06.19-16.33.15:555][  0]LightingResults: New page: Lighting Build
[2016.06.19-16.33.15:558][  0]MapCheck: New page: Map Check
[2016.06.19-16.33.15:558][  0]LightingResults: New page: Lighting Build
[2016.06.19-16.33.16:067][  0]LogProperty:Error: UStructProperty::Serialize Loading: Property 'StructProperty /Game/MechaInsurgent/MechaInsurgent/Gun/UI_Debug_WeaponInventoryItem.UI_Debug_WeaponInventoryItem_C:ExecuteUbergraph_UI_Debug_WeaponInventoryItem.CallFunc_Array_Get_Item'. Unknown structure.
[2016.06.19-16.33.20:967][  0]LogAIModule: Creating AISystem for world AiTest
[2016.06.19-16.33.20:977][  0]LogEditorServer: Finished looking for orphan Actors (0.000 secs)
[2016.06.19-16.33.20:978][  0]Cmd: MAP CHECKDEP NOCLEARLOG
[2016.06.19-16.33.21:062][  0]MapCheck: Info Map check complete: 0 Error(s), 0 Warning(s), took 83.781ms to complete.
[2016.06.19-16.33.21:062][  0]LogFileHelpers: Loading map 'AiTest' took 5.507
[2016.06.19-16.33.21:256][  0]LogCollectionManager: Loaded 1 collections in 0.001941 seconds
[2016.06.19-16.33.21:301][  0]LogFileCache: Scanning file cache for directory 'F:/UnrealProjects/MechProj2_4-12/MechProject2_4122/Saved/Collections/' took 0.01s
[2016.06.19-16.33.21:301][  0]LogFileCache: Scanning file cache for directory 'F:/UnrealProjects/MechProj2_4-12/MechProject2_4122/Content/Developers/Z600/Collections/' took 0.01s
[2016.06.19-16.33.21:302][  0]LogFileCache: Scanning file cache for directory 'F:/UnrealProjects/MechProj2_4-12/MechProject2_4122/Content/Collections/' took 0.01s
[2016.06.19-16.33.21:302][  0]LogCollectionManager: Rebuilt the GUID cache for 1 collections in 0.000007 seconds
[2016.06.19-16.33.21:302][  0]LogCollectionManager: Rebuilt the hierarchy cache for 1 collections in 0.000000 seconds
[2016.06.19-16.33.21:315][  0]LogContentBrowser: Native class hierarchy populated in 0.0129 seconds. Added 2048 classes and 372 folders.
[2016.06.19-16.33.21:320][  0]LogStats: UGameplayTagsManager::ConstructGameplayTagTree: Construct from data asset -  0.000 s
[2016.06.19-16.33.21:320][  0]LogStats: UGameplayTagsManager::ConstructGameplayTagTree: GameplayTagTreeChangedEvent.Broadcast -  0.000 s
[2016.06.19-16.33.21:321][  0]LogContentBrowser: Native class hierarchy updated for 'GameplayTags' in 0.0006 seconds. Added 12 classes and 0 folders.
[2016.06.19-16.33.21:326][  0]LogContentBrowser: Native class hierarchy updated for 'WidgetCarousel' in 0.0004 seconds. Added 0 classes and 0 folders.
[2016.06.19-16.33.21:376][  0]LogContentBrowser: Native class hierarchy updated for 'AddContentDialog' in 0.0006 seconds. Added 0 classes and 0 folders.
[2016.06.19-16.33.21:381][  0]LogContentBrowser: Native class hierarchy updated for 'SceneOutliner' in 0.0005 seconds. Added 1 classes and 2 folders.
[2016.06.19-16.33.21:517][  0]LogCrashTracker: Crashtracker disabled due to settings.
[2016.06.19-16.33.21:522][  0]LogUObjectGlobals:Warning: Failed to find object 'Class None.'
[2016.06.19-16.33.21:548][  0]LogContentBrowser: Native class hierarchy updated for 'HierarchicalLODOutliner' in 0.0005 seconds. Added 1 classes and 2 folders.
[2016.06.19-16.33.21:548][  0]LogLoad: Full Startup: 12.69 seconds (BP compile: 1.79 seconds)
[2016.06.19-16.33.21:548][  0]LogExternalProfiler: No external profilers were discovered.  External profiling features will not be available.
[2016.06.19-16.33.21:558][  0]LogOcInput: OculusInput pre-init called
[2016.06.19-16.33.21:576][  0]LogContentStreaming: Texture pool size now 1000 MB
[2016.06.19-16.33.21:775][  0]LogRenderer: Reallocating scene render targets to support 1208x452 (Frame:2).
[2016.06.19-16.33.22:067][  3]LogAssetRegistry: Asset discovery search completed in 8.9706 seconds
[2016.06.19-16.33.22:067][  3]LogCollectionManager: Rebuilt the object cache for 1 collections in 0.000017 seconds (found 0 objects)
[2016.06.19-16.33.22:067][  3]LogCollectionManager: Fixed up redirectors for 1 collections in 0.000042 seconds (updated 0 objects)
[2016.06.19-16.33.26:564][312]LogBlueprintUserMessages: [Hyena_ThirdPerson_Anim_C_0] 90.0
[2016.06.19-16.33.26:599][314]LogBlueprintUserMessages: [Hyena_ThirdPerson_Anim_C_1] 90.0
[2016.06.19-16.33.26:619][315]LogBlueprintUserMessages: [Hyena_ThirdPerson_Anim_C_2] 90.0
[2016.06.19-16.33.26:638][316]LogBlueprintUserMessages: [Hyena_ThirdPerson_Anim_C_3] 90.0
[2016.06.19-16.33.26:656][317]LogBlueprintUserMessages: [Hyena_ThirdPerson_Anim_C_4] 90.0
[2016.06.19-16.33.26:671][318]LogBlueprintUserMessages: [Hyena_ThirdPerson_Anim_C_5] 90.0
[2016.06.19-16.33.26:687][319]LogBlueprintUserMessages: [Hyena_ThirdPerson_Anim_C_6] 90.0
[2016.06.19-16.33.26:702][320]LogBlueprintUserMessages: [Hyena_ThirdPerson_Anim_C_7] 90.0
[2016.06.19-16.33.26:720][321]LogBlueprintUserMessages: [Hyena_ThirdPerson_Anim_C_8] 90.0
[2016.06.19-16.33.26:736][322]LogBlueprintUserMessages: [Hyena_ThirdPerson_Anim_C_9] 90.0
[2016.06.19-16.33.26:750][323]LogBlueprintUserMessages: [Hyena_ThirdPerson_Anim_C_10] 90.0
[2016.06.19-16.33.26:765][324]LogBlueprintUserMessages: [Hyena_ThirdPerson_Anim_C_11] 90.0
[2016.06.19-16.33.26:786][325]LogBlueprintUserMessages: [Hyena_ThirdPerson_Anim_C_12] 90.0
[2016.06.19-16.33.26:800][326]LogBlueprintUserMessages: [Hyena_ThirdPerson_Anim_C_13] 90.0
[2016.06.19-16.33.26:814][327]LogBlueprintUserMessages: [Hyena_ThirdPerson_Anim_C_14] 90.0
[2016.06.19-16.33.26:827][328]LogBlueprintUserMessages: [Hyena_ThirdPerson_Anim_C_15] 90.0
[2016.06.19-16.33.26:845][329]LogBlueprintUserMessages: [Hyena_ThirdPerson_Anim_C_16] 90.0
[2016.06.19-16.33.26:861][330]LogBlueprintUserMessages: [Hyena_ThirdPerson_Anim_C_17] 90.0
[2016.06.19-16.33.26:878][331]LogBlueprintUserMessages: [Hyena_ThirdPerson_Anim_C_18] 90.0
[2016.06.19-16.33.26:895][332]LogBlueprintUserMessages: [Hyena_ThirdPerson_Anim_C_19] 90.0
[2016.06.19-16.33.26:912][333]LogBlueprintUserMessages: [Hyena_ThirdPerson_Anim_C_20] 90.0
[2016.06.19-16.33.26:928][334]LogBlueprintUserMessages: [Hyena_ThirdPerson_Anim_C_21] 90.0
[2016.06.19-16.33.26:944][335]LogBlueprintUserMessages: [Hyena_ThirdPerson_Anim_C_22] 90.0
[2016.06.19-16.33.26:960][336]LogBlueprintUserMessages: [Hyena_ThirdPerson_Anim_C_23] 90.0
[2016.06.19-16.33.26:976][337]LogBlueprintUserMessages: [Hyena_ThirdPerson_Anim_C_24] 90.0
[2016.06.19-16.33.26:990][338]LogBlueprintUserMessages: [Hyena_ThirdPerson_Anim_C_25] 90.0
[2016.06.19-16.33.27:005][339]LogBlueprintUserMessages: [Hyena_ThirdPerson_Anim_C_26] 90.0
[2016.06.19-16.33.27:023][340]LogBlueprintUserMessages: [Hyena_ThirdPerson_Anim_C_27] 90.0
[2016.06.19-16.33.27:037][341]LogBlueprintUserMessages: [Hyena_ThirdPerson_Anim_C_28] 90.0
[2016.06.19-16.33.27:051][342]LogBlueprintUserMessages: [Hyena_ThirdPerson_Anim_C_29] 90.0
[2016.06.19-16.33.27:065][343]LogBlueprintUserMessages: [Hyena_ThirdPerson_Anim_C_30] 90.0
[2016.06.19-16.33.27:082][344]LogBlueprintUserMessages: [Hyena_ThirdPerson_Anim_C_31] 90.0
[2016.06.19-16.33.27:102][345]LogBlueprintUserMessages: [Hyena_ThirdPerson_Anim_C_32] 90.0
[2016.06.19-16.33.27:121][346]LogBlueprintUserMessages: [Hyena_ThirdPerson_Anim_C_33] 90.0
[2016.06.19-16.33.27:150][347]LogBlueprintUserMessages: [Hyena_ThirdPerson_Anim_C_34] 90.0
[2016.06.19-16.33.27:166][348]LogBlueprintUserMessages: [Hyena_ThirdPerson_Anim_C_35] 90.0
[2016.06.19-16.33.27:181][349]LogBlueprintUserMessages: [Hyena_ThirdPerson_Anim_C_36] 90.0
[2016.06.19-16.33.27:196][350]LogBlueprintUserMessages: [Hyena_ThirdPerson_Anim_C_37] 90.0
[2016.06.19-16.33.27:211][351]LogBlueprintUserMessages: [Hyena_ThirdPerson_Anim_C_38] 90.0
[2016.06.19-16.33.27:226][352]LogBlueprintUserMessages: [Hyena_ThirdPerson_Anim_C_39] 90.0
[2016.06.19-16.33.27:241][353]LogBlueprintUserMessages: [Hyena_ThirdPerson_Anim_C_40] 90.0
[2016.06.19-16.33.27:257][354]LogBlueprintUserMessages: [Hyena_ThirdPerson_Anim_C_41] 90.0
[2016.06.19-16.33.27:394][369]LogBlueprintUserMessages: [Hyena_ThirdPerson_Anim_C_42] 90.0
[2016.06.19-16.33.27:412][370]LogBlueprintUserMessages: [Hyena_ThirdPerson_Anim_C_43] 90.0
[2016.06.19-16.33.27:429][371]LogBlueprintUserMessages: [Hyena_ThirdPerson_Anim_C_44] 90.0
[2016.06.19-16.33.27:443][372]LogBlueprintUserMessages: [Hyena_ThirdPerson_Anim_C_45] 90.0
[2016.06.19-16.33.27:457][373]LogBlueprintUserMessages: [Hyena_ThirdPerson_Anim_C_46] 90.0
[2016.06.19-16.33.27:472][374]LogBlueprintUserMessages: [Hyena_ThirdPerson_Anim_C_47] 90.0
[2016.06.19-16.33.27:486][375]LogBlueprintUserMessages: [Hyena_ThirdPerson_Anim_C_48] 90.0
[2016.06.19-16.33.27:500][376]LogBlueprintUserMessages: [Hyena_ThirdPerson_Anim_C_49] 90.0
[2016.06.19-16.33.27:516][377]LogBlueprintUserMessages: [Hyena_ThirdPerson_Anim_C_50] 90.0
[2016.06.19-16.33.27:530][378]LogBlueprintUserMessages: [Hyena_ThirdPerson_Anim_C_51] 90.0
[2016.06.19-16.33.27:547][379]LogBlueprintUserMessages: [Hyena_ThirdPerson_Anim_C_52] 90.0
[2016.06.19-16.33.27:562][380]LogBlueprintUserMessages: [Hyena_ThirdPerson_Anim_C_53] 90.0
[2016.06.19-16.33.27:576][381]LogBlueprintUserMessages: [Hyena_ThirdPerson_Anim_C_54] 90.0
[2016.06.19-16.33.27:590][382]LogBlueprintUserMessages: [Hyena_ThirdPerson_Anim_C_55] 90.0
[2016.06.19-16.33.27:605][383]LogBlueprintUserMessages: [Hyena_ThirdPerson_Anim_C_56] 90.0
[2016.06.19-16.33.27:620][384]LogBlueprintUserMessages: [Hyena_ThirdPerson_Anim_C_57] 90.0
[2016.06.19-16.33.27:634][385]LogBlueprintUserMessages: [Hyena_ThirdPerson_Anim_C_58] 90.0
[2016.06.19-16.33.27:649][386]LogBlueprintUserMessages: [Hyena_ThirdPerson_Anim_C_59] 90.0
[2016.06.19-16.33.27:663][387]LogBlueprintUserMessages: [Hyena_ThirdPerson_Anim_C_60] 90.0
[2016.06.19-16.33.27:678][388]LogBlueprintUserMessages: [Hyena_ThirdPerson_Anim_C_61] 90.0
[2016.06.19-16.33.27:693][389]LogBlueprintUserMessages: [Hyena_ThirdPerson_Anim_C_62] 90.0
[2016.06.19-16.33.27:710][390]LogBlueprintUserMessages: [Hyena_ThirdPerson_Anim_C_63] 90.0
[2016.06.19-16.33.27:728][391]LogBlueprintUserMessages: [Hyena_ThirdPerson_Anim_C_64] 90.0
[2016.06.19-16.33.27:743][392]LogBlueprintUserMessages: [Hyena_ThirdPerson_Anim_C_65] 90.0
[2016.06.19-16.33.27:759][393]LogBlueprintUserMessages: [Hyena_ThirdPerson_Anim_C_66] 90.0
[2016.06.19-16.33.27:775][394]LogBlueprintUserMessages: [Hyena_ThirdPerson_Anim_C_67] 90.0
[2016.06.19-16.33.27:790][395]LogBlueprintUserMessages: [Hyena_ThirdPerson_Anim_C_68] 90.0
[2016.06.19-16.33.27:805][396]LogBlueprintUserMessages: [Hyena_ThirdPerson_Anim_C_69] 90.0
[2016.06.19-16.33.27:820][397]LogBlueprintUserMessages: [Hyena_ThirdPerson_Anim_C_70] 90.0
[2016.06.19-16.33.27:837][398]LogBlueprintUserMessages: [Hyena_ThirdPerson_Anim_C_71] 90.0
[2016.06.19-16.33.27:852][399]LogBlueprintUserMessages: [Hyena_ThirdPerson_Anim_C_72] 90.0
[2016.06.19-16.33.27:866][400]LogBlueprintUserMessages: [Hyena_ThirdPerson_Anim_C_73] 90.0
[2016.06.19-16.33.27:881][401]LogBlueprintUserMessages: [Hyena_ThirdPerson_Anim_C_74] 90.0
[2016.06.19-16.33.27:896][402]LogBlueprintUserMessages: [Hyena_ThirdPerson_Anim_C_75] 90.0
[2016.06.19-16.33.27:910][403]LogBlueprintUserMessages: [Hyena_ThirdPerson_Anim_C_76] 90.0
[2016.06.19-16.33.27:960][404]LogLinker:Error: Function_7321 has an inappropriate outermost, it was probably saved with a deprecated outer (file: ../../../../../../UnrealProjects/MechProj2_4-12/MechProject2_4122/Content/MechaInsurgent/MechaInsurgent/Character/MechCharacter13.uasset)
[2016.06.19-16.33.27:960][404]LogLinker:Error: Function_7322 has an inappropriate outermost, it was probably saved with a deprecated outer (file: ../../../../../../UnrealProjects/MechProj2_4-12/MechProject2_4122/Content/MechaInsurgent/MechaInsurgent/Character/MechCharacter13.uasset)
[2016.06.19-16.33.27:982][404]LogWindows: Windows GetLastError: The operation completed successfully. (0)
[2016.06.19-16.33.28:676][404]LogCrashTracker: 


[2016.06.19-16.33.28:676][404]LogCrashTracker: 


[2016.06.19-16.33.28:676][404]LogWindows:Error: === Critical error: ===
Assertion failed: IsImport() [File:D:\Build\++UE4+Release-4.12+Compile\Sync\Engine\Source\Runtime\CoreUObject\Public\UObject\Linker.h] [Line: 62] 





[2016.06.19-16.33.28:723][404]LogExit: Executing StaticShutdownAfterError
[2016.06.19-16.33.28:727][404]LogWindows: FPlatformMisc::RequestExit(1)
[2016.06.19-16.33.28:727][404]Log file closed, 06/19/16 12:33:28
