Log file open, 05/30/16 19:38:34
LogInit:Display: Running engine for game: MechProject2_412
LogPlatformFile: Not using cached read wrapper
LogInit:Display: RandInit(1062505484) SRandInit(1062505487).
LogTaskGraph: Started task graph with 4 named threads and 11 total threads with 1 sets of task threads.
LogStats: Stats thread started at 2.713549
LogInit: Version: 4.12.0-2986880+++UE4+Release-4.12
LogInit: API Version: 2986880
LogInit: Net Version: 2986880
LogDevObjectVersion: Number of dev versions registered: 13
LogDevObjectVersion:   Dev-Blueprints (B0D832E4-1F89-4F0D-ACCF-7EB736FD4AA2): 3
LogDevObjectVersion:   Dev-Build (E1C64328-A22C-4D53-A36C-8E866417BD8C): 0
LogDevObjectVersion:   Dev-Core (375EC13C-06E4-48FB-B500-84F0262A717E): 1
LogDevObjectVersion:   Dev-Editor (E4B068ED-F494-42E9-A231-DA0B2E46BB41): 2
LogDevObjectVersion:   Dev-Framework (CFFC743F-43B0-4480-9391-14DF171D2073): 6
LogDevObjectVersion:   Dev-Mobile (B02B49B5-BB20-44E9-A304-32B752E40360): 0
LogDevObjectVersion:   Dev-Networking (A4E4105C-59A1-49B5-A7C5-40C4547EDFEE): 0
LogDevObjectVersion:   Dev-Online (39C831C9-5AE6-47DC-9A44-9C173E1C8E7C): 0
LogDevObjectVersion:   Dev-Physics (78F01B33-EBEA-4F98-B9B4-84EACCB95AA2): 0
LogDevObjectVersion:   Dev-Platform (6631380F-2D4D-43E0-8009-CF276956A95A): 0
LogDevObjectVersion:   Dev-Rendering (12F88B9F-8875-4AFC-A67C-D90C383ABD29): 2
LogDevObjectVersion:   Dev-Sequencer (7B5AE74C-D270-4C10-A958-57980B212A5A): 0
LogDevObjectVersion:   Dev-VR (D7296918-1DD6-4BDD-9DE2-64A83CC13884): 0
LogInit: Compiled (64-bit): May 23 2016 14:03:53
LogInit: Compiled with Visual C++: 19.00.23026.00
LogInit: Build Configuration: Development
LogInit: Branch Name: ++UE4+Release-4.12
LogInit: Command line:  
LogInit: Base directory: F:/Programs/Epic Games/4.12/Engine/Binaries/Win64/
LogInit: Installed Engine Build: 1
LogInit: Using libcurl 7.41.0
LogInit:  - built for x86_64-pc-win32
LogInit:  - supports SSL with WinSSL
LogInit:  - other features:
LogInit:      CURL_VERSION_SSL
LogInit:      CURL_VERSION_IPV6
LogInit:      CURL_VERSION_ASYNCHDNS
LogInit:      CURL_VERSION_LARGEFILE
LogInit:      CURL_VERSION_IDN
LogInit:  CurlRequestOptions (configurable via config and command line):
LogInit:  - bVerifyPeer = true  - Libcurl will verify peer certificate
LogInit:  - bUseHttpProxy = false  - Libcurl will NOT use HTTP proxy
LogInit:  - bDontReuseConnections = false  - Libcurl will reuse connections
LogInit:  - CertBundlePath = nullptr  - Libcurl will use whatever was configured at build time.
LogInit: Presizing for max 16777216 objects, including 0 objects not considered by GC, pre-allocating 0 bytes for permanent pool.
LogInit: Object subsystem initialized
[2016.05.30-23.38.34:824][  0]LogInit: Selected Device Profile: [Windows]
[2016.05.30-23.38.34:824][  0]LogInit: Applying CVar settings loaded from the selected device profile: [Windows]
[2016.05.30-23.38.34:896][  0]LogInit: Computer: Z600-PC
[2016.05.30-23.38.34:897][  0]LogInit: User: Z600
[2016.05.30-23.38.34:897][  0]LogInit: CPU Page size=65536, Cores=8
[2016.05.30-23.38.34:897][  0]LogInit: High frequency timer resolution =2.597685 MHz
[2016.05.30-23.38.34:897][  0]LogMemory: Memory total: Physical=12.0GB (12GB approx)
[2016.05.30-23.38.34:901][  0]LogMemory: Platform Memory Stats for Windows
[2016.05.30-23.38.34:901][  0]LogMemory: Process Physical Memory: 320.51 MB used, 320.51 MB peak
[2016.05.30-23.38.34:901][  0]LogMemory: Process Virtual Memory: 325.75 MB used, 325.75 MB peak
[2016.05.30-23.38.34:901][  0]LogMemory: Physical Memory: 5599.70 MB used, 12271.22 MB total
[2016.05.30-23.38.34:901][  0]LogMemory: Virtual Memory: 651.64 MB used, 8388608.00 MB total
[2016.05.30-23.38.35:652][  0]LogTextLocalizationManager: No specific translations for ('en-US') exist, so ('en') translations will be used.
[2016.05.30-23.38.36:735][  0]LogD3D11RHI: D3D11 adapters:
[2016.05.30-23.38.36:760][  0]LogD3D11RHI:    0. 'NVIDIA GeForce GTX 750 Ti' (Feature Level 11_0)
[2016.05.30-23.38.36:760][  0]LogD3D11RHI:       1992/0/2048 MB DedicatedVideo/DedicatedSystem/SharedSystem, Outputs:2, VendorId:0x10de
[2016.05.30-23.38.36:760][  0]LogD3D11RHI: Chosen D3D11 Adapter: 0
[2016.05.30-23.38.36:768][  0]LogD3D11RHI: Creating new Direct3DDevice
[2016.05.30-23.38.36:769][  0]LogD3D11RHI:     GPU DeviceId: 0x1380 (for the marketing name, search the web for "GPU Device Id")
[2016.05.30-23.38.36:769][  0]LogWindows: EnumDisplayDevices:
[2016.05.30-23.38.36:769][  0]LogWindows:    0. 'NVIDIA GeForce GTX 750 Ti' (P:1 D:1)
[2016.05.30-23.38.36:769][  0]LogWindows:    1. 'NVIDIA GeForce GTX 750 Ti' (P:0 D:1)
[2016.05.30-23.38.36:769][  0]LogWindows:    2. 'NVIDIA GeForce GTX 750 Ti' (P:0 D:0)
[2016.05.30-23.38.36:769][  0]LogWindows:    3. 'NVIDIA GeForce GTX 750 Ti' (P:0 D:0)
[2016.05.30-23.38.36:769][  0]LogWindows:    4. 'RDPDD Chained DD' (P:0 D:0)
[2016.05.30-23.38.36:769][  0]LogWindows:    5. 'RDP Encoder Mirror Driver' (P:0 D:0)
[2016.05.30-23.38.36:770][  0]LogWindows:    6. 'RDP Reflector Display Driver' (P:0 D:0)
[2016.05.30-23.38.36:770][  0]LogWindows: DebugString: GetVideoDriverDetailsInvalid PrimaryIsNotTheChoosenAdapter GetVideoDriverDetailsInvalid PrimaryIsNotTheChoosenAdapter GetVideoDriverDetailsInvalid PrimaryIsNotTheChoosenAdapter FoundDriverCount:4 
[2016.05.30-23.38.36:770][  0]LogD3D11RHI:     Adapter Name: NVIDIA GeForce GTX 750 Ti
[2016.05.30-23.38.36:778][  0]LogD3D11RHI:   Driver Version: 361.43 (internal:10.18.13.6143, unified:361.43)
[2016.05.30-23.38.36:778][  0]LogD3D11RHI:      Driver Date: 12-16-2015
[2016.05.30-23.38.36:778][  0]LogRHI: Texture pool is 1361 MB (70% of 1945 MB)
[2016.05.30-23.38.36:791][  0]LogD3D11RHI: Async texture creation enabled
[2016.05.30-23.38.36:941][  0]LogD3D11RHI: GPU Timing Frequency: 1000.000000 (Debug: 2 2)
[2016.05.30-23.38.36:959][  0]LogShaderCompilers: Guid format shader working directory is -20 characters bigger than the processId version (../../../../../../UnrealProjects/MechProj2_4-12/MechProject2_412/Intermediate/Shaders/WorkingDirectory/10084/).
[2016.05.30-23.38.36:959][  0]LogShaderCompilers: Cleaned the shader compiler working directory 'C:/Users/Z600/AppData/Local/Temp/UnrealShaderWorkingDir/2296AA6F4E11756594069C9D4F74038B/'.
[2016.05.30-23.38.36:959][  0]LogShaderCompilers:Display: Using Local Shader Compiler.
[2016.05.30-23.38.39:709][  0]LogTemp:Display: Loaded TP AllDesktopTargetPlatform
[2016.05.30-23.38.39:727][  0]LogTemp:Display: Loaded TP WindowsClientTargetPlatform
[2016.05.30-23.38.39:744][  0]LogTemp:Display: Loaded TP WindowsNoEditorTargetPlatform
[2016.05.30-23.38.39:761][  0]LogTemp:Display: Loaded TP WindowsServerTargetPlatform
[2016.05.30-23.38.39:782][  0]LogTemp:Display: Loaded TP WindowsTargetPlatform
[2016.05.30-23.38.39:801][  0]LogTemp:Display: Loaded TP AndroidTargetPlatform
[2016.05.30-23.38.39:820][  0]LogTemp:Display: Loaded TP Android_ASTCTargetPlatform
[2016.05.30-23.38.39:839][  0]LogTemp:Display: Loaded TP Android_ATCTargetPlatform
[2016.05.30-23.38.39:857][  0]LogTemp:Display: Loaded TP Android_DXTTargetPlatform
[2016.05.30-23.38.39:874][  0]LogTemp:Display: Loaded TP Android_ETC1TargetPlatform
[2016.05.30-23.38.39:922][  0]LogTemp:Display: Loaded TP Android_ETC2TargetPlatform
[2016.05.30-23.38.39:959][  0]LogTemp:Display: Loaded TP Android_MultiTargetPlatform
[2016.05.30-23.38.39:959][  0]LogTemp:Display: Loaded TP Android_PVRTCTargetPlatform
[2016.05.30-23.38.39:965][  0]LogTemp:Display: Loaded TP HTML5TargetPlatform
[2016.05.30-23.38.40:025][  0]LogTemp:Display: Loaded TP IOSTargetPlatform
[2016.05.30-23.38.40:045][  0]LogTemp:Display: Loaded TP TVOSTargetPlatform
[2016.05.30-23.38.40:062][  0]LogTemp:Display: Loaded TP LinuxNoEditorTargetPlatform
[2016.05.30-23.38.40:092][  0]LogTemp:Display: Loaded TP LinuxServerTargetPlatform
[2016.05.30-23.38.40:123][  0]LogTemp:Display: Loaded TP LinuxTargetPlatform
[2016.05.30-23.38.40:123][  0]LogTargetPlatformManager:Display: Building Assets For Windows
[2016.05.30-23.38.40:751][  0]LogDerivedDataCache:Display: Max Cache Size: 512 MB
[2016.05.30-23.38.41:607][  0]LogDerivedDataCache: Loaded boot cache 0.86s 48MB C:/Users/Z600/AppData/Local/UnrealEngine/4.12/DerivedDataCache/Boot.ddc.
[2016.05.30-23.38.41:608][  0]LogDerivedDataCache:Display: Loaded Boot cache: C:/Users/Z600/AppData/Local/UnrealEngine/4.12/DerivedDataCache/Boot.ddc
[2016.05.30-23.38.41:608][  0]LogDerivedDataCache: FDerivedDataBackendGraph:  Pak pak cache file ../../../../../../UnrealProjects/MechProj2_4-12/MechProject2_412/DerivedDataCache/DDC.ddp not found, will not use a pak cache.
[2016.05.30-23.38.41:608][  0]LogDerivedDataCache: Unable to find inner node Pak for hierarchical cache Hierarchy.
[2016.05.30-23.38.41:608][  0]LogDerivedDataCache: FDerivedDataBackendGraph:  CompressedPak pak cache file ../../../../../../UnrealProjects/MechProj2_4-12/MechProject2_412/DerivedDataCache/Compressed.ddp not found, will not use a pak cache.
[2016.05.30-23.38.41:608][  0]LogDerivedDataCache: Unable to find inner node CompressedPak for hierarchical cache Hierarchy.
[2016.05.30-23.38.42:104][  0]LogDerivedDataCache:Display: Pak cache opened for reading ../../../Engine/DerivedDataCache/Compressed.ddp.
[2016.05.30-23.38.42:117][  0]LogDerivedDataCache: Using Local data cache path C:/Users/Z600/AppData/Local/UnrealEngine/Common/DerivedDataCache: Writable
[2016.05.30-23.38.46:339][  0]LogInit: Selected Device Profile: [Windows]
[2016.05.30-23.38.46:382][  0]LogContentStreaming: Texture pool size is 0.00 MB
[2016.05.30-23.38.47:414][  0]LogMeshUtilities: No automatic mesh reduction module available
[2016.05.30-23.38.47:414][  0]LogMeshUtilities: No automatic mesh merging module available
[2016.05.30-23.38.47:414][  0]LogMeshUtilities: No distributed automatic mesh merging module available
[2016.05.30-23.38.48:948][  0]LogAssetRegistry: FAssetRegistry took 0.0213 seconds to start up
[2016.05.30-23.38.49:147][  0]LogPackageLocalizationCache: Processed 3 localized package path(s) for 2 prioritized culture(s) in 0.159402 seconds
[2016.05.30-23.38.49:163][  0]LogUObjectArray: 28736 objects as part of root set at end of initial load.
[2016.05.30-23.38.49:163][  0]LogUObjectAllocator: 5854680 out of 0 bytes used by permanent object pool.
[2016.05.30-23.38.49:163][  0]LogUObjectArray: CloseDisregardForGC: 0/0 objects in disregard for GC pool
[2016.05.30-23.38.49:195][  0]LogInit: WinSock: version 1.1 (2.2), MaxSocks=32767, MaxUdp=65467
[2016.05.30-23.38.52:768][  0]LogSlate: SlateFontCache - WITH_FREETYPE: 1, WITH_HARFBUZZ: 1
[2016.05.30-23.38.52:768][  0]LogSlate: SlateFontCache - WITH_FREETYPE: 1, WITH_HARFBUZZ: 1
[2016.05.30-23.38.56:878][  0]LogUdpMessaging: Initializing bridge on interface 0.0.0.0:0 to multicast group 230.0.0.1:6666.
[2016.05.30-23.38.58:057][  0]SourceControl: Info Source control is disabled
[2016.05.30-23.38.58:059][  0]SourceControl: Info Source control is disabled
[2016.05.30-23.38.58:167][  0]SourceControl: Info Source control is disabled
[2016.05.30-23.38.58:230][  0]SourceControl: Info Source control is disabled
[2016.05.30-23.38.59:506][  0]LogEngine: Initializing Engine...
[2016.05.30-23.38.59:529][  0]LogHMD: SteamVR failed to initialize.  Err: 110
[2016.05.30-23.38.59:531][  0]LogHMD: SteamVR failed to initialize.  Err: 110
[2016.05.30-23.39.00:133][  0]LogAIModule: Creating AISystem for world NewWorld
[2016.05.30-23.39.00:143][  0]LogInit: XAudio2 using 'Speakers (Realtek High Definition Audio)' : 2 channels at 48 kHz using 32 bits per sample (channel mask 0x3)
[2016.05.30-23.39.00:158][  0]LogInit: FAudioDevice initialized.
[2016.05.30-23.39.00:200][  0]LogDerivedDataCache: Saved boot cache 0.04s 48MB C:/Users/Z600/AppData/Local/UnrealEngine/4.12/DerivedDataCache/Boot.ddc.
[2016.05.30-23.39.00:211][  0]LogInit: Texture streaming: Enabled
[2016.05.30-23.39.00:341][  0]LogInit: Transaction tracking system initialized
[2016.05.30-23.39.00:636][  0]BlueprintLog: New page: Editor Load
[2016.05.30-23.39.01:676][  0]LocalizationService: Info Localization service is disabled
[2016.05.30-23.39.02:320][  0]LogConsoleResponse:Display: 
[2016.05.30-23.39.03:207][  0]LogCook:Display: Max memory allowance for cook 8192mb
[2016.05.30-23.39.03:215][  0]LogFileCache: Scanning file cache for directory 'F:/UnrealProjects/MechProj2_4-12/MechProject2_412/Content/' took 0.02s
[2016.05.30-23.39.03:215][  0]LogCook:Display: Mobile HDR setting 1
[2016.05.30-23.39.04:692][  0]SourceControl: Info Source control is disabled
[2016.05.30-23.39.04:721][  0]Cmd: MAP LOAD FILE="../../../../../../UnrealProjects/MechProj2_4-12/MechProject2_412/Content/ThirdPersonBP/Maps/DEMOmap.umap" TEMPLATE=0 SHOWPROGRESS=1 FEATURELEVEL=3
[2016.05.30-23.39.04:726][  0]LightingResults: New page: Lighting Build
[2016.05.30-23.39.04:781][  0]MapCheck: New page: Map Check
[2016.05.30-23.39.04:781][  0]LightingResults: New page: Lighting Build
[2016.05.30-23.39.04:885][  0]LogLinker:Warning: Can't find file '/Game/MechaInsurgent/MechaInsurgent/Ai/MechAIChara'
[2016.05.30-23.39.04:885][  0]LogLinker:Warning: Can't find file for asset '/Game/MechaInsurgent/MechaInsurgent/Ai/MechAIChara' while loading ../../../../../../UnrealProjects/MechProj2_4-12/MechProject2_412/Content/ThirdPersonBP/Maps/DEMOmap.umap.
[2016.05.30-23.39.04:885][  0]LoadErrors:Error: Error /Game/ThirdPersonBP/Maps/DEMOmap : Can't find file for asset. /Game/MechaInsurgent/MechaInsurgent/Ai/MechAIChara
[2016.05.30-23.39.09:655][  0]LogLinker:Warning: Can't find file '/Game/MechaInsurgent/MechaInsurgent/Ai/MechAIChara'
[2016.05.30-23.39.09:655][  0]LogLinker:Warning: Can't find file for asset '/Game/MechaInsurgent/MechaInsurgent/Ai/MechAIChara' while loading ../../../../../../UnrealProjects/MechProj2_4-12/MechProject2_412/Content/ThirdPersonBP/Maps/DEMOmap.umap.
[2016.05.30-23.39.09:655][  0]LoadErrors:Error: Error /Game/ThirdPersonBP/Maps/DEMOmap : Can't find file for asset. /Game/MechaInsurgent/MechaInsurgent/Ai/MechAIChara
[2016.05.30-23.39.09:655][  0]LogLinker:Warning: Can't find file '/Game/MechaInsurgent/MechaInsurgent/Ai/MechAIChara'
[2016.05.30-23.39.09:655][  0]LogLinker:Warning: Can't find file for asset '/Game/MechaInsurgent/MechaInsurgent/Ai/MechAIChara' while loading ../../../../../../UnrealProjects/MechProj2_4-12/MechProject2_412/Content/ThirdPersonBP/Maps/DEMOmap.umap.
[2016.05.30-23.39.09:655][  0]LoadErrors:Error: Error /Game/ThirdPersonBP/Maps/DEMOmap : Can't find file for asset. /Game/MechaInsurgent/MechaInsurgent/Ai/MechAIChara
[2016.05.30-23.39.09:656][  0]LogLinker:Warning: Can't find file '/Game/MechaInsurgent/MechaInsurgent/Ai/MechAIChara'
[2016.05.30-23.39.09:656][  0]LogLinker:Warning: Can't find file for asset '/Game/MechaInsurgent/MechaInsurgent/Ai/MechAIChara' while loading ../../../../../../UnrealProjects/MechProj2_4-12/MechProject2_412/Content/ThirdPersonBP/Maps/DEMOmap.umap.
[2016.05.30-23.39.09:656][  0]LoadErrors:Error: Error /Game/ThirdPersonBP/Maps/DEMOmap : Can't find file for asset. /Game/MechaInsurgent/MechaInsurgent/Ai/MechAIChara
[2016.05.30-23.39.09:746][  0]LogLinker:Warning: Can't find file '/Game/MechaInsurgent/MechaInsurgent/Ai/MechAIChara'
[2016.05.30-23.39.09:746][  0]LogLinker:Warning: Can't find file for asset '/Game/MechaInsurgent/MechaInsurgent/Ai/MechAIChara' while loading ../../../../../../UnrealProjects/MechProj2_4-12/MechProject2_412/Content/ThirdPersonBP/Maps/DEMOmap.umap.
[2016.05.30-23.39.09:746][  0]LoadErrors:Error: Error /Game/ThirdPersonBP/Maps/DEMOmap : Can't find file for asset. /Game/MechaInsurgent/MechaInsurgent/Ai/MechAIChara
[2016.05.30-23.39.09:759][  0]LogLinker:Warning: Can't find file '/Game/MechaInsurgent/MechaInsurgent/Ai/MechAIChara'
[2016.05.30-23.39.09:759][  0]LogLinker:Warning: Can't find file for asset '/Game/MechaInsurgent/MechaInsurgent/Ai/MechAIChara' while loading ../../../../../../UnrealProjects/MechProj2_4-12/MechProject2_412/Content/ThirdPersonBP/Maps/DEMOmap.umap.
[2016.05.30-23.39.09:759][  0]LoadErrors:Error: Error /Game/ThirdPersonBP/Maps/DEMOmap : Can't find file for asset. /Game/MechaInsurgent/MechaInsurgent/Ai/MechAIChara
[2016.05.30-23.39.09:761][  0]LogLinker:Warning: Can't find file '/Game/MechaInsurgent/MechaInsurgent/Ai/MechAIChara'
[2016.05.30-23.39.09:761][  0]LogLinker:Warning: Can't find file for asset '/Game/MechaInsurgent/MechaInsurgent/Ai/MechAIChara' while loading ../../../../../../UnrealProjects/MechProj2_4-12/MechProject2_412/Content/ThirdPersonBP/Maps/DEMOmap.umap.
[2016.05.30-23.39.09:761][  0]LoadErrors:Error: Error /Game/ThirdPersonBP/Maps/DEMOmap : Can't find file for asset. /Game/MechaInsurgent/MechaInsurgent/Ai/MechAIChara
[2016.05.30-23.39.09:761][  0]LogLinker:Warning: Can't find file '/Game/MechaInsurgent/MechaInsurgent/Ai/MechAIChara'
[2016.05.30-23.39.09:761][  0]LogLinker:Warning: Can't find file for asset '/Game/MechaInsurgent/MechaInsurgent/Ai/MechAIChara' while loading ../../../../../../UnrealProjects/MechProj2_4-12/MechProject2_412/Content/ThirdPersonBP/Maps/DEMOmap.umap.
[2016.05.30-23.39.09:761][  0]LoadErrors:Error: Error /Game/ThirdPersonBP/Maps/DEMOmap : Can't find file for asset. /Game/MechaInsurgent/MechaInsurgent/Ai/MechAIChara
[2016.05.30-23.39.09:764][  0]LogLinker:Warning: Can't find file '/Game/MechaInsurgent/MechaInsurgent/Ai/MechAIChara'
[2016.05.30-23.39.09:764][  0]LogLinker:Warning: Can't find file for asset '/Game/MechaInsurgent/MechaInsurgent/Ai/MechAIChara' while loading NULL.
[2016.05.30-23.39.09:764][  0]LogLinker:Warning: Can't find file '/Game/MechaInsurgent/MechaInsurgent/Ai/MechAIChara'
[2016.05.30-23.39.09:764][  0]LogLinker:Warning: Can't find file for asset '/Game/MechaInsurgent/MechaInsurgent/Ai/MechAIChara' while loading NULL.
[2016.05.30-23.39.09:788][  0]LogLinker:Warning: Can't find file '/Game/MechaInsurgent/MechaInsurgent/Ai/MechAIChara'
[2016.05.30-23.39.09:788][  0]LogLinker:Warning: Can't find file for asset '/Game/MechaInsurgent/MechaInsurgent/Ai/MechAIChara' while loading NULL.
[2016.05.30-23.39.09:788][  0]LogLinker:Warning: Can't find file '/Game/MechaInsurgent/MechaInsurgent/Ai/MechAIChara'
[2016.05.30-23.39.09:788][  0]LogLinker:Warning: Can't find file for asset '/Game/MechaInsurgent/MechaInsurgent/Ai/MechAIChara' while loading NULL.
[2016.05.30-23.39.09:789][  0]LogLinker:Warning: Can't find file '/Game/MechaInsurgent/MechaInsurgent/Ai/MechAIChara'
[2016.05.30-23.39.09:789][  0]LogLinker:Warning: Can't find file for asset '/Game/MechaInsurgent/MechaInsurgent/Ai/MechAIChara' while loading NULL.
[2016.05.30-23.39.09:789][  0]LogLinker:Warning: Can't find file '/Game/MechaInsurgent/MechaInsurgent/Ai/MechAIChara'
[2016.05.30-23.39.09:790][  0]LogLinker:Warning: Can't find file for asset '/Game/MechaInsurgent/MechaInsurgent/Ai/MechAIChara' while loading NULL.
[2016.05.30-23.39.09:797][  0]LogLinker:Warning: Can't find file '/Game/MechaInsurgent/MechaInsurgent/Ai/MechAIChara'
[2016.05.30-23.39.09:797][  0]LogLinker:Warning: Can't find file for asset '/Game/MechaInsurgent/MechaInsurgent/Ai/MechAIChara' while loading NULL.
[2016.05.30-23.39.09:797][  0]LogLinker:Warning: Can't find file '/Game/MechaInsurgent/MechaInsurgent/Ai/MechAIChara'
[2016.05.30-23.39.09:797][  0]LogLinker:Warning: Can't find file for asset '/Game/MechaInsurgent/MechaInsurgent/Ai/MechAIChara' while loading NULL.
[2016.05.30-23.39.09:801][  0]LogLinker:Warning: Can't find file '/Game/MechaInsurgent/MechaInsurgent/Ai/MechAIChara'
[2016.05.30-23.39.09:801][  0]LogLinker:Warning: Can't find file for asset '/Game/MechaInsurgent/MechaInsurgent/Ai/MechAIChara' while loading NULL.
[2016.05.30-23.39.09:802][  0]LogLinker:Warning: Can't find file '/Game/MechaInsurgent/MechaInsurgent/Ai/MechAIChara'
[2016.05.30-23.39.09:802][  0]LogLinker:Warning: Can't find file for asset '/Game/MechaInsurgent/MechaInsurgent/Ai/MechAIChara' while loading NULL.
[2016.05.30-23.39.09:802][  0]LogLinker:Warning: Can't find file '/Game/MechaInsurgent/MechaInsurgent/Ai/MechAIChara'
[2016.05.30-23.39.09:802][  0]LogLinker:Warning: Can't find file for asset '/Game/MechaInsurgent/MechaInsurgent/Ai/MechAIChara' while loading NULL.
[2016.05.30-23.39.09:802][  0]LogLinker:Warning: Can't find file '/Game/MechaInsurgent/MechaInsurgent/Ai/MechAIChara'
[2016.05.30-23.39.09:802][  0]LogLinker:Warning: Can't find file for asset '/Game/MechaInsurgent/MechaInsurgent/Ai/MechAIChara' while loading NULL.
[2016.05.30-23.39.09:845][  0]LogLinker:Warning: Can't find file '/Game/MechaInsurgent/MechaInsurgent/Ai/MechAIChara'
[2016.05.30-23.39.09:845][  0]LogLinker:Warning: Can't find file for asset '/Game/MechaInsurgent/MechaInsurgent/Ai/MechAIChara' while loading NULL.
[2016.05.30-23.39.09:845][  0]LogLinker:Warning: Can't find file '/Game/MechaInsurgent/MechaInsurgent/Ai/MechAIChara'
[2016.05.30-23.39.09:845][  0]LoadErrors: Info Failed to load /Game/MechaInsurgent/MechaInsurgent/Ai/MechAIChara.MechAIChara_C Referenced by PersistentLevel
[2016.05.30-23.39.09:845][  0]LogLinker:Warning: Can't find file for asset '/Game/MechaInsurgent/MechaInsurgent/Ai/MechAIChara' while loading NULL.
[2016.05.30-23.39.09:845][  0]LoadErrors: Info Failed to load /Game/MechaInsurgent/MechaInsurgent/Ai/MechAIChara.MechAIChara_C Referenced by PersistentLevel
[2016.05.30-23.39.11:641][  0]LogAnimationCompression: Building Anim DDC data for AnimSequence /Game/MechaInsurgent/MechaInsurgent/FirstPersonAnimation/HyenaFirstPerson_FP_Shoot.HyenaFirstPerson_FP_Shoot
[2016.05.30-23.39.13:871][  0]LogAIModule: Creating AISystem for world DEMOmap
[2016.05.30-23.39.13:887][  0]LogMaterial:Warning: Material /Game/StarterContent/Materials/M_Basic_Floor.M_Basic_Floor needed to have new flag set bUsedWithSkeletalMesh !
[2016.05.30-23.39.13:894][  0]LogMaterial: Missing cached shader map for material M_Basic_Floor, compiling. 
[2016.05.30-23.39.14:094][  0]MapCheck:Warning: Warning M_Basic_Floor Material /Game/StarterContent/Materials/M_Basic_Floor.M_Basic_Floor was missing the usage flag bUsedWithSkeletalMesh. If the material asset is not re-saved, it may not render correctly when run outside the editor. Fix
[2016.05.30-23.39.14:094][  0]LogMaterial: 0.00 seconds spent updating 1 materials, 1 interfaces, 0 instances, 0 with static permutations.
[2016.05.30-23.39.14:387][  0]LogEditorServer: Finished looking for orphan Actors (0.011 secs)
[2016.05.30-23.39.14:485][  0]Cmd: MAP CHECKDEP NOCLEARLOG
[2016.05.30-23.39.14:632][  0]MapCheck: Info Map check complete: 0 Error(s), 1 Warning(s), took 136.09ms to complete.
[2016.05.30-23.39.14:676][  0]LogFileHelpers: Loading map 'DEMOmap' took 9.958
[2016.05.30-23.39.15:913][  0]LogCollectionManager: Loaded 0 collections in 0.005717 seconds
[2016.05.30-23.39.16:017][  0]LogFileCache: Scanning file cache for directory 'F:/UnrealProjects/MechProj2_4-12/MechProject2_412/Saved/Collections/' took 0.01s
[2016.05.30-23.39.16:017][  0]LogFileCache: Scanning file cache for directory 'F:/UnrealProjects/MechProj2_4-12/MechProject2_412/Content/Developers/Z600/Collections/' took 0.01s
[2016.05.30-23.39.16:017][  0]LogFileCache: Scanning file cache for directory 'F:/UnrealProjects/MechProj2_4-12/MechProject2_412/Content/Collections/' took 0.01s
[2016.05.30-23.39.16:017][  0]LogCollectionManager: Rebuilt the GUID cache for 0 collections in 0.000004 seconds
[2016.05.30-23.39.16:053][  0]LogContentBrowser: Native class hierarchy populated in 0.0270 seconds. Added 2048 classes and 372 folders.
[2016.05.30-23.39.16:112][  0]LogStats: UGameplayTagsManager::ConstructGameplayTagTree: Construct from data asset -  0.000 s
[2016.05.30-23.39.16:112][  0]LogStats: UGameplayTagsManager::ConstructGameplayTagTree: GameplayTagTreeChangedEvent.Broadcast -  0.000 s
[2016.05.30-23.39.16:114][  0]LogContentBrowser: Native class hierarchy updated for 'GameplayTags' in 0.0015 seconds. Added 12 classes and 0 folders.
[2016.05.30-23.39.16:149][  0]LogContentBrowser: Native class hierarchy updated for 'WidgetCarousel' in 0.0006 seconds. Added 0 classes and 0 folders.
[2016.05.30-23.39.16:843][  0]LogContentBrowser: Native class hierarchy updated for 'AddContentDialog' in 0.0006 seconds. Added 0 classes and 0 folders.
[2016.05.30-23.39.16:874][  0]LogContentBrowser: Native class hierarchy updated for 'SceneOutliner' in 0.0006 seconds. Added 1 classes and 2 folders.
[2016.05.30-23.39.17:374][  0]LogCrashTracker: Crashtracker disabled due to settings.
[2016.05.30-23.39.17: